TN:
SF:src\data_handlers\user_data_handler.js
FN:13,(anonymous_0)
FN:22,(anonymous_1)
FN:23,(anonymous_2)
FN:35,(anonymous_3)
FN:37,(anonymous_4)
FN:48,(anonymous_5)
FN:60,(anonymous_6)
FN:78,(anonymous_7)
FN:81,(anonymous_8)
FNF:9
FNH:9
FNDA:10,(anonymous_0)
FNDA:2,(anonymous_1)
FNDA:1,(anonymous_2)
FNDA:2,(anonymous_3)
FNDA:2,(anonymous_4)
FNDA:1,(anonymous_5)
FNDA:5,(anonymous_6)
FNDA:4,(anonymous_7)
FNDA:4,(anonymous_8)
DA:1,1
DA:14,10
DA:23,2
DA:24,1
DA:26,1
DA:36,2
DA:37,2
DA:38,1
DA:39,1
DA:49,1
DA:61,5
DA:62,5
DA:63,7
DA:64,3
DA:66,7
DA:68,5
DA:79,4
DA:80,3
DA:81,4
DA:82,2
DA:83,1
DA:87,1
LF:22
LH:22
BRDA:36,0,0,1
BRDA:36,0,1,1
BRDA:63,1,0,3
BRDA:63,1,1,4
BRDA:66,2,0,3
BRDA:66,2,1,4
BRDA:79,3,0,1
BRDA:79,3,1,3
BRDA:80,4,0,1
BRDA:80,4,1,2
BRDA:82,5,0,1
BRDA:82,5,1,1
BRF:12
BRH:12
end_of_record
