{
  "stats": {
    "suites": 1,
    "tests": 1,
    "passes": 0,
    "pending": 0,
    "failures": 1,
    "start": "2023-05-31T10:18:35.361Z",
    "end": "2023-05-31T10:18:35.530Z",
    "duration": 169,
    "testsRegistered": 1,
    "passPercent": 0,
    "pendingPercent": 0,
    "other": 0,
    "hasOther": false,
    "skipped": 0,
    "hasSkipped": false
  },
  "results": [
    {
      "uuid": "7359c802-0904-4b61-9f34-1e303980d062",
      "title": "",
      "fullFile": "C:\\Users\\Stanislav_Nehrii\\Desktop\\AutomatedTestingMentoring_Advanced_JS\\src\\testsAPI\\test.spec.js",
      "file": "\\src\\testsAPI\\test.spec.js",
      "beforeHooks": [],
      "afterHooks": [],
      "tests": [],
      "suites": [
        {
          "uuid": "39d9c056-7ee3-4877-84ed-4981cbd6645b",
          "title": "API Test Suite",
          "fullFile": "C:\\Users\\Stanislav_Nehrii\\Desktop\\AutomatedTestingMentoring_Advanced_JS\\src\\testsAPI\\test.spec.js",
          "file": "\\src\\testsAPI\\test.spec.js",
          "beforeHooks": [],
          "afterHooks": [],
          "tests": [
            {
              "title": "Get list of project launches ",
              "fullTitle": "API Test Suite Get list of project launches ",
              "timedOut": false,
              "duration": 161,
              "state": "failed",
              "speed": null,
              "pass": false,
              "fail": true,
              "pending": false,
              "context": null,
              "code": "const response = await sendRequest('project_js/launch');\nexpect(response.status).to.equal(200);\n//expect(response.data[0].id).to.equal(1);\nconsole.log(response.data)\nexpect(response.data.page.totalElements).to.equal(4);",
              "err": {
                "message": "AssertionError: expected 5 to equal 4",
                "estack": "AssertionError: expected 5 to equal 4\n    at Context.<anonymous> (src\\testsAPI\\test.spec.js:13:49)\n    at process.processTicksAndRejections (node:internal/process/task_queues:95:5)",
                "diff": "- 5\n+ 4\n"
              },
              "uuid": "c80a1ec9-caaa-4e1a-9cc6-ecd5466c2c41",
              "parentUUID": "39d9c056-7ee3-4877-84ed-4981cbd6645b",
              "isHook": false,
              "skipped": false
            }
          ],
          "suites": [],
          "passes": [],
          "failures": [
            "c80a1ec9-caaa-4e1a-9cc6-ecd5466c2c41"
          ],
          "pending": [],
          "skipped": [],
          "duration": 161,
          "root": false,
          "rootEmpty": false,
          "_timeout": 2000
        }
      ],
      "passes": [],
      "failures": [],
      "pending": [],
      "skipped": [],
      "duration": 0,
      "root": true,
      "rootEmpty": true,
      "_timeout": 2000
    }
  ],
  "meta": {
    "mocha": {
      "version": "10.2.0"
    },
    "mochawesome": {
      "options": {
        "quiet": false,
        "reportFilename": "mochawesome",
        "saveHtml": true,
        "saveJson": true,
        "consoleReporter": "spec",
        "useInlineDiffs": false,
        "code": true
      },
      "version": "7.1.3"
    },
    "marge": {
      "options": null,
      "version": "6.2.0"
    }
  }
}