{
  "stats": {
    "suites": 1,
    "tests": 1,
    "passes": 1,
    "pending": 0,
    "failures": 0,
    "start": "2023-05-31T09:51:31.964Z",
    "end": "2023-05-31T09:51:32.099Z",
    "duration": 135,
    "testsRegistered": 1,
    "passPercent": 100,
    "pendingPercent": 0,
    "other": 0,
    "hasOther": false,
    "skipped": 0,
    "hasSkipped": false
  },
  "results": [
    {
      "uuid": "92d7357a-3c43-421c-98c6-d42a49769319",
      "title": "",
      "fullFile": "C:\\Users\\Stanislav_Nehrii\\Desktop\\AutomatedTestingMentoring_Advanced_JS\\src\\testsAPI\\test.spec.js",
      "file": "\\src\\testsAPI\\test.spec.js",
      "beforeHooks": [],
      "afterHooks": [],
      "tests": [],
      "suites": [
        {
          "uuid": "278210e6-85d9-4018-b66b-019071375c11",
          "title": "API Test Suite",
          "fullFile": "C:\\Users\\Stanislav_Nehrii\\Desktop\\AutomatedTestingMentoring_Advanced_JS\\src\\testsAPI\\test.spec.js",
          "file": "\\src\\testsAPI\\test.spec.js",
          "beforeHooks": [],
          "afterHooks": [],
          "tests": [
            {
              "title": "should get() all launches for project",
              "fullTitle": "API Test Suite should get() all launches for project",
              "timedOut": false,
              "duration": 127,
              "state": "passed",
              "speed": "slow",
              "pass": true,
              "fail": false,
              "pending": false,
              "context": null,
              "code": "const response = await sendRequest('project_js/launch');\nexpect(response.status).to.equal(200);\n//expect(response.data[0].id).to.equal(1);",
              "err": {},
              "uuid": "178cc8b0-90a3-4346-81d2-38f850f61834",
              "parentUUID": "278210e6-85d9-4018-b66b-019071375c11",
              "isHook": false,
              "skipped": false
            }
          ],
          "suites": [],
          "passes": [
            "178cc8b0-90a3-4346-81d2-38f850f61834"
          ],
          "failures": [],
          "pending": [],
          "skipped": [],
          "duration": 127,
          "root": false,
          "rootEmpty": false,
          "_timeout": 2000
        }
      ],
      "passes": [],
      "failures": [],
      "pending": [],
      "skipped": [],
      "duration": 0,
      "root": true,
      "rootEmpty": true,
      "_timeout": 2000
    }
  ],
  "meta": {
    "mocha": {
      "version": "10.2.0"
    },
    "mochawesome": {
      "options": {
        "quiet": false,
        "reportFilename": "mochawesome",
        "saveHtml": true,
        "saveJson": true,
        "consoleReporter": "spec",
        "useInlineDiffs": false,
        "code": true
      },
      "version": "7.1.3"
    },
    "marge": {
      "options": null,
      "version": "6.2.0"
    }
  }
}