{
  "stats": {
    "suites": 1,
    "tests": 10,
    "passes": 10,
    "pending": 0,
    "failures": 0,
    "start": "2023-06-11T10:46:36.661Z",
    "end": "2023-06-11T10:47:02.224Z",
    "duration": 25563,
    "testsRegistered": 10,
    "passPercent": 100,
    "pendingPercent": 0,
    "other": 0,
    "hasOther": false,
    "skipped": 0,
    "hasSkipped": false
  },
  "results": [
    {
      "uuid": "a6557ab7-e66f-4ab6-86ac-841101fa094d",
      "title": "",
      "fullFile": "C:\\Users\\Stanislav_Nehrii\\Desktop\\AutomatedTestingMentoring_Advanced_JS\\src\\testsAPI\\test.spec.js",
      "file": "\\src\\testsAPI\\test.spec.js",
      "beforeHooks": [],
      "afterHooks": [],
      "tests": [],
      "suites": [
        {
          "uuid": "d36b5070-19f7-45b7-af8c-0f570bc10e45",
          "title": "API Test Suite",
          "fullFile": "C:\\Users\\Stanislav_Nehrii\\Desktop\\AutomatedTestingMentoring_Advanced_JS\\src\\testsAPI\\test.spec.js",
          "file": "\\src\\testsAPI\\test.spec.js",
          "beforeHooks": [
            {
              "title": "\"before all\" hook: [PRECONDITIONS] Create demo project and data for tests in \"API Test Suite\"",
              "fullTitle": "API Test Suite \"before all\" hook: [PRECONDITIONS] Create demo project and data for tests in \"API Test Suite\"",
              "timedOut": false,
              "duration": 22826,
              "state": null,
              "speed": null,
              "pass": false,
              "fail": false,
              "pending": false,
              "context": null,
              "code": "const bodyForProject = {\n  \"entryType\": \"INTERNAL\",\n  \"projectName\": demoProjectName\n}\nresponseSchema.properties.data = {\n  \"type\": \"object\",\n  \"properties\": {\n    \"id\": {\n      \"type\": \"integer\"\n    }\n  },\n  \"required\": [\"id\"]\n}\nresponse = await sendRequest('project', 'post', bodyForProject);\nexpect(await response.status).to.equal(201);\ndemoProjectID = response.data.id\nexpect(await response).to.be.jsonSchema(responseSchema);\nconst bodyForData = {}\nresponse = await sendRequest(`demo/${demoProjectName}`, 'post', bodyForData);\nexpect(await response.status).to.equal(200);\narrOfDemoLaunchesID = response.data.launchIds\nresponseSchema.properties.data = {\n  \"type\": \"object\",\n  \"properties\": {\n    \"dashboardId\": {\n      \"type\": \"integer\"\n    },\n    \"launchIds\": {\n      \"type\": \"array\",\n      \"items\": {\n        \"type\": \"integer\"\n      }\n    }\n  },\n  \"required\": [\"dashboardId\", \"launchIds\"]\n}\nexpect(await response).to.be.jsonSchema(responseSchema);",
              "err": {},
              "uuid": "514c7fe9-7d6f-49c2-b5c9-a76162f34b5c",
              "parentUUID": "d36b5070-19f7-45b7-af8c-0f570bc10e45",
              "isHook": true,
              "skipped": false
            }
          ],
          "afterHooks": [
            {
              "title": "\"after all\" hook: [POSTCONDITIONS] Delete demo project and data after tests in \"API Test Suite\"",
              "fullTitle": "API Test Suite \"after all\" hook: [POSTCONDITIONS] Delete demo project and data after tests in \"API Test Suite\"",
              "timedOut": false,
              "duration": 380,
              "state": null,
              "speed": null,
              "pass": false,
              "fail": false,
              "pending": false,
              "context": null,
              "code": "const body = {\n  \"ids\": [demoProjectID]\n}\nresponse = await sendRequest('project', 'delete', body);\nexpect(await response.status).to.equal(200);\nresponseSchema.properties.data = {\n  \"type\": \"object\",\n  \"properties\": {\n    \"successfullyDeleted\": {\n      \"type\": \"array\",\n      \"items\": {\n        \"type\": \"number\"\n      }\n    },\n    \"notFound\": {\n      \"type\": \"array\",\n      \"items\": {\n        \"type\": \"number\"\n      }\n    },\n    \"errors\": {\n      \"type\": \"array\",\n      \"items\": {\n        \"type\": \"number\"\n      }\n    }\n  },\n  \"required\": [\"successfullyDeleted\", \"notFound\", \"errors\"]\n}\nexpect(await response).to.be.jsonSchema(responseSchema);\nresponse = await sendRequest('project/names');\nresponseSchema.properties.data = {\n  \"type\": \"array\",\n  \"items\": {\n    \"type\": \"string\"\n  }\n}\nexpect(await response.status).to.equal(200);\nexpect(await response.data.includes(demoProjectName)).to.equal(false);\nexpect(await response).to.be.jsonSchema(responseSchema);",
              "err": {},
              "uuid": "f95ccfb8-e3eb-4ba1-b018-a9c357fecd2c",
              "parentUUID": "d36b5070-19f7-45b7-af8c-0f570bc10e45",
              "isHook": true,
              "skipped": false
            }
          ],
          "tests": [
            {
              "title": "[GET POSITIVE] Get list of project launches",
              "fullTitle": "API Test Suite [GET POSITIVE] Get list of project launches",
              "timedOut": false,
              "duration": 20,
              "state": "passed",
              "speed": "fast",
              "pass": true,
              "fail": false,
              "pending": false,
              "context": null,
              "code": "const response = await sendRequest(`${demoProjectName}/launch`);\nexpect(response.status).to.equal(200);\nexpect(response.data.page.totalElements).to.equal(5);\nconst launchIds = response.data.content.map((launch) => launch.id);\nexpect(launchIds).to.deep.equal(arrOfDemoLaunchesID);\nexpect(await response).to.be.jsonSchema(responceSchemaForGetLaunches);",
              "err": {},
              "uuid": "dbebf99c-9377-41c6-aa88-c8b7f7384776",
              "parentUUID": "d36b5070-19f7-45b7-af8c-0f570bc10e45",
              "isHook": false,
              "skipped": false
            },
            {
              "title": "[GET NEGATIVE] Get list of project launches for incorect project name",
              "fullTitle": "API Test Suite [GET NEGATIVE] Get list of project launches for incorect project name",
              "timedOut": false,
              "duration": 13,
              "state": "passed",
              "speed": "fast",
              "pass": true,
              "fail": false,
              "pending": false,
              "context": null,
              "code": "const response = await sendRequest('fake_project_name/launch');\nresponseSchema.properties.data = {\n  \"type\": \"object\",\n  \"properties\": {\n    \"errorCode\": {\n      \"type\": \"number\"\n    },\n    \"message\": {\n      \"type\": \"string\"\n    }\n  },\n  \"required\": [\"errorCode\", \"message\"]\n}\nexpect(response.status).to.equal(403);\nexpect(response.data.errorCode).to.equal(4003);\nexpect(response.data.message).to.equal('You do not have enough permissions. Please check the list of your available projects.');\nexpect(await response).to.be.jsonSchema(responseSchema);",
              "err": {},
              "uuid": "3a7f9581-452c-4d15-a333-23ee964a20f2",
              "parentUUID": "d36b5070-19f7-45b7-af8c-0f570bc10e45",
              "isHook": false,
              "skipped": false
            },
            {
              "title": "[POST NEGATIVE_1] Merge set of incorect launches in common one",
              "fullTitle": "API Test Suite [POST NEGATIVE_1] Merge set of incorect launches in common one",
              "timedOut": false,
              "duration": 18,
              "state": "passed",
              "speed": "fast",
              "pass": true,
              "fail": false,
              "pending": false,
              "context": null,
              "code": "const body = {\n  \"launches\": [arrOfDemoLaunchesID[0], arrOfDemoLaunchesID[1]],\n  \"mergeType\": \"standart\",\n  \"name\": \"New Merge\"\n}\nresponseSchema.properties.data = {\n  \"type\": \"object\",\n  \"properties\": {\n    \"errorCode\": {\n      \"type\": \"number\"\n    },\n    \"message\": {\n      \"type\": \"string\"\n    }\n  },\n  \"required\": [\"errorCode\", \"message\"]\n}\nresponse = await sendRequest(`${demoProjectName}/launch/merge `, 'post', body);\nexpect(response.status).to.equal(406);\nexpect(response.data.errorCode).to.equal(40033);\nexpect(response.data.message).to.equal(\"Merge Strategy type null is unsupported\");\nexpect(await response).to.be.jsonSchema(responseSchema);",
              "err": {},
              "uuid": "9921637d-c697-4d92-8ef3-6deca351014d",
              "parentUUID": "d36b5070-19f7-45b7-af8c-0f570bc10e45",
              "isHook": false,
              "skipped": false
            },
            {
              "title": "[POST NEGATIVE_2] Merge set of incorect launches in common one",
              "fullTitle": "API Test Suite [POST NEGATIVE_2] Merge set of incorect launches in common one",
              "timedOut": false,
              "duration": 36,
              "state": "passed",
              "speed": "fast",
              "pass": true,
              "fail": false,
              "pending": false,
              "context": null,
              "code": "const body = {\n  \"launches\": [(Math.max(...arrOfDemoLaunchesID) + 1), (Math.max(...arrOfDemoLaunchesID) + 2)],\n  \"mergeType\": \"DEEP\",\n  \"name\": \"New Merge\"\n}\nresponseSchema.properties.data = {\n  \"type\": \"object\",\n  \"properties\": {\n    \"errorCode\": {\n      \"type\": \"number\"\n    },\n    \"message\": {\n      \"type\": \"string\"\n    }\n  },\n  \"required\": [\"errorCode\", \"message\"]\n}\nresponse = await sendRequest(`${demoProjectName}/launch/merge `, 'post', body);\nexpect(response.status).to.equal(400);\nexpect(response.data.errorCode).to.equal(40016);\nexpect(response.data.message).to.equal(\"Error in handled Request. Please, check specified parameters: 'Not all launches with provided ids were found'\");\nexpect(await response).to.be.jsonSchema(responseSchema);\nresponse = await sendRequest(`${demoProjectName}/launch`);\nconst launchIds = response.data.content.map((launch) => launch.id);\nexpect(launchIds).not.to.deep.contain((Math.max(...arrOfDemoLaunchesID) + 1), (Math.max(...arrOfDemoLaunchesID) + 2));\nexpect(await response).to.be.jsonSchema(responceSchemaForGetLaunches);",
              "err": {},
              "uuid": "0689c7a9-f2b8-4a11-aed1-8fe5adbafbbc",
              "parentUUID": "d36b5070-19f7-45b7-af8c-0f570bc10e45",
              "isHook": false,
              "skipped": false
            },
            {
              "title": "[POST POSITIVE] Deep Merge set of specified launches in common one",
              "fullTitle": "API Test Suite [POST POSITIVE] Deep Merge set of specified launches in common one",
              "timedOut": false,
              "duration": 2096,
              "state": "passed",
              "speed": "slow",
              "pass": true,
              "fail": false,
              "pending": false,
              "context": null,
              "code": "const body = {\n  \"launches\": [arrOfDemoLaunchesID[2], arrOfDemoLaunchesID[3]],\n  \"mergeType\": \"DEEP\",\n  \"name\": \"New Merge\"\n}\nresponse = await sendRequest(`${demoProjectName}/launch/merge `, 'post', body);\nexpect(response.status).to.equal(200);\nresponseSchema.properties.data = {\n  \"type\": \"object\",\n  \"properties\": {\n    \"owner\": {\n      \"type\": \"string\"\n    },\n    \"share\": {\n      \"type\": \"boolean\"\n    },\n    \"description\": {\n      \"type\": \"string\"\n    },\n    \"id\": {\n      \"type\": \"integer\"\n    },\n    \"uuid\": {\n      \"type\": \"string\"\n    },\n    \"name\": {\n      \"type\": \"string\"\n    },\n    \"number\": {\n      \"type\": \"integer\"\n    },\n    \"startTime\": {\n      \"type\": \"integer\"\n    },\n    \"endTime\": {\n      \"type\": \"integer\"\n    },\n    \"lastModified\": {\n      \"type\": \"integer\"\n    },\n    \"status\": {\n      \"type\": \"string\"\n    },\n    \"statistics\": {\n      \"type\": \"object\",\n      \"properties\": {\n        \"executions\": {\n          \"type\": \"object\"\n        },\n        \"defects\": {\n          \"type\": \"object\"\n        }\n      }\n    },\n    \"attributes\": {\n      \"type\": \"array\",\n      \"items\": {\n        \"type\": \"object\"\n      }\n    },\n    \"mode\": {\n      \"type\": \"string\"\n    },\n    \"analysing\": {\n      \"type\": \"array\"\n    },\n    \"approximateDuration\": {\n      \"type\": \"integer\"\n    },\n    \"hasRetries\": {\n      \"type\": \"boolean\"\n    },\n    \"rerun\": {\n      \"type\": \"boolean\"\n    }\n  },\n  \"required\": [\n    \"owner\",\n    \"share\",\n    \"description\",\n    \"id\",\n    \"uuid\",\n    \"name\",\n    \"number\",\n    \"startTime\",\n    \"endTime\",\n    \"lastModified\",\n    \"status\",\n    \"statistics\",\n    \"attributes\",\n    \"mode\",\n    \"analysing\",\n    \"approximateDuration\",\n    \"hasRetries\",\n    \"rerun\"\n  ]\n}\nexpect(await response).to.be.jsonSchema(responseSchema);\nresponse = await sendRequest(`${demoProjectName}/launch`);\nconst launchIds = response.data.content.map((launch) => launch.id);\nexpect(launchIds).not.to.deep.contain(arrOfDemoLaunchesID[2], arrOfDemoLaunchesID[3]);\nconst launchNames = response.data.content.map((launch) => launch.name);\nexpect(launchNames).to.deep.contain(\"New Merge\");\nexpect(await response).to.be.jsonSchema(responceSchemaForGetLaunches);",
              "err": {},
              "uuid": "1bec7512-ce33-4bdc-b8de-14408e52d0ef",
              "parentUUID": "d36b5070-19f7-45b7-af8c-0f570bc10e45",
              "isHook": false,
              "skipped": false
            },
            {
              "title": "[PUT POSITIVE] Bulk added attributes",
              "fullTitle": "API Test Suite [PUT POSITIVE] Bulk added attributes",
              "timedOut": false,
              "duration": 38,
              "state": "passed",
              "speed": "medium",
              "pass": true,
              "fail": false,
              "pending": false,
              "context": null,
              "code": "const body = {\n  \"attributes\": [...commonAttributes],\n  \"ids\": [arrOfDemoLaunchesID[4]]\n};\nresponse = await sendRequest(`${demoProjectName}/launch/info `, 'put', body);\nresponseSchema.properties.data = {\n  \"type\": \"object\",\n  \"properties\": {\n    \"message\": {\n      \"type\": \"string\"\n    }\n  },\n  \"required\": [\"message\"]\n}\nexpect(response.status).to.equal(200);\nexpect(await response).to.be.jsonSchema(responseSchema);\nresponse = await sendRequest(`${demoProjectName}/launch`);\nawait expect(response.data.content.find(elem => elem.id === arrOfDemoLaunchesID[4]).attributes.some(elem => elem.key === `demo` && elem.value === `MacOS`)).to.be.true;\nexpect(await response).to.be.jsonSchema(responceSchemaForGetLaunches);",
              "err": {},
              "uuid": "b0c236ee-02e8-42fe-82ac-d4908b6cbd45",
              "parentUUID": "d36b5070-19f7-45b7-af8c-0f570bc10e45",
              "isHook": false,
              "skipped": false
            },
            {
              "title": "[PUT NEGATIVE_1] Bulk added attributes",
              "fullTitle": "API Test Suite [PUT NEGATIVE_1] Bulk added attributes",
              "timedOut": false,
              "duration": 13,
              "state": "passed",
              "speed": "fast",
              "pass": true,
              "fail": false,
              "pending": false,
              "context": null,
              "code": "const body = {\n  \"attributes\": [...commonAttributes]\n};\nresponseSchema.properties.data = {\n  \"type\": \"object\",\n  \"properties\": {\n    \"errorCode\": {\n      \"type\": \"number\"\n    },\n    \"message\": {\n      \"type\": \"string\"\n    }\n  },\n  \"required\": [\"errorCode\", \"message\"]\n}\nresponse = await sendRequest(`${demoProjectName}/launch/info `, 'put', body);\nexpect(await response).to.be.jsonSchema(responseSchema);\nexpect(response.status).to.equal(400);\nexpect(response.data.errorCode).to.equal(4001);\nexpect(response.data.message).to.equal(\"Incorrect Request. [Field 'ids' should not be null.] \");",
              "err": {},
              "uuid": "b62346d4-0a8e-43cf-b195-8e3cc8b08b67",
              "parentUUID": "d36b5070-19f7-45b7-af8c-0f570bc10e45",
              "isHook": false,
              "skipped": false
            },
            {
              "title": "[PUT NEGATIVE_2] Bulk added attributes",
              "fullTitle": "API Test Suite [PUT NEGATIVE_2] Bulk added attributes",
              "timedOut": false,
              "duration": 18,
              "state": "passed",
              "speed": "fast",
              "pass": true,
              "fail": false,
              "pending": false,
              "context": null,
              "code": "const body = {\n  \"attributes\": [\n    {\n      \"to\": {\n        \"key\": \"demo\",\n        \"value\": \"demo\"\n      }\n    }],\n  \"ids\": [arrOfDemoLaunchesID[0]]\n}\nresponseSchema.properties.data = {\n  \"type\": \"object\",\n  \"properties\": {\n    \"errorCode\": {\n      \"type\": \"number\"\n    },\n    \"message\": {\n      \"type\": \"string\"\n    }\n  },\n  \"required\": [\"errorCode\", \"message\"]\n}\nresponse = await sendRequest(`${demoProjectName}/launch/info `, 'put', body);\nexpect(await response).to.be.jsonSchema(responseSchema);\nexpect(response.status).to.equal(500);\nexpect(response.data.errorCode).to.equal(5000);\nexpect(response.data.message).to.equal(\"Unclassified error [null]\");",
              "err": {},
              "uuid": "54b9a48c-0bbf-4430-b417-64cc7fd8317e",
              "parentUUID": "d36b5070-19f7-45b7-af8c-0f570bc10e45",
              "isHook": false,
              "skipped": false
            },
            {
              "title": "[DELETE NEGATIVE] Delete specified launches by id",
              "fullTitle": "API Test Suite [DELETE NEGATIVE] Delete specified launches by id",
              "timedOut": false,
              "duration": 14,
              "state": "passed",
              "speed": "fast",
              "pass": true,
              "fail": false,
              "pending": false,
              "context": null,
              "code": "const body = {\n  \"ids\": [(Math.max(...arrOfDemoLaunchesID) + 10)]\n}\nresponse = await sendRequest(`${demoProjectName}/launch `, 'delete', body);\nresponseSchema.properties.data = {\n  \"type\": \"object\",\n  \"properties\": {\n    \"successfullyDeleted\": {\n      \"type\": \"array\",\n      \"items\": {}\n    },\n    \"notFound\": {\n      \"type\": \"array\",\n      \"items\": {\n        \"type\": \"integer\"\n      }\n    },\n    \"errors\": {\n      \"type\": \"array\",\n      \"items\": {}\n    }\n  },\n  \"required\": [\n    \"successfullyDeleted\",\n    \"notFound\",\n    \"errors\"\n  ]\n}\nexpect(response.status).to.equal(200);\nexpect(response.data.successfullyDeleted.length).to.equal(0);\nexpect(response.data.errors.length).to.equal(0);\nexpect(response.data.notFound).to.deep.equal(body.ids);\nexpect(await response).to.be.jsonSchema(responseSchema);",
              "err": {},
              "uuid": "0a8bacdb-4d0d-495f-83f4-a8a17fc46d60",
              "parentUUID": "d36b5070-19f7-45b7-af8c-0f570bc10e45",
              "isHook": false,
              "skipped": false
            },
            {
              "title": "[DELETE POSITIVE] Delete specified launches by id",
              "fullTitle": "API Test Suite [DELETE POSITIVE] Delete specified launches by id",
              "timedOut": false,
              "duration": 74,
              "state": "passed",
              "speed": "medium",
              "pass": true,
              "fail": false,
              "pending": false,
              "context": null,
              "code": "const body = {\n  \"ids\": [arrOfDemoLaunchesID[1]]\n}\nresponseSchema.properties.data = {\n  \"type\": \"object\",\n  \"properties\": {\n    \"successfullyDeleted\": {\n      \"type\": \"array\",\n      \"items\": {}\n    },\n    \"notFound\": {\n      \"type\": \"array\",\n      \"items\": {\n        \"type\": \"integer\"\n      }\n    },\n    \"errors\": {\n      \"type\": \"array\",\n      \"items\": {}\n    }\n  },\n  \"required\": [\n    \"successfullyDeleted\",\n    \"notFound\",\n    \"errors\"\n  ]\n}\nresponse = await sendRequest(`${demoProjectName}/launch `, 'delete', body);\nexpect(response.status).to.equal(200);\nexpect(response.data.successfullyDeleted).to.deep.equal(body.ids);\nexpect(response.data.errors.length).to.equal(0);\nexpect(response.data.notFound.length).to.equal(0);\nexpect(await response).to.be.jsonSchema(responseSchema);\nresponse = await sendRequest(`${demoProjectName}/launch`);\nconst launchIds = response.data.content.map((launch) => launch.id);\nexpect(body.ids.every(value => !launchIds.includes(value))).is.true\nexpect(await response).to.be.jsonSchema(responceSchemaForGetLaunches);",
              "err": {},
              "uuid": "08188dbb-2717-4d04-96c3-da2e8579a361",
              "parentUUID": "d36b5070-19f7-45b7-af8c-0f570bc10e45",
              "isHook": false,
              "skipped": false
            }
          ],
          "suites": [],
          "passes": [
            "dbebf99c-9377-41c6-aa88-c8b7f7384776",
            "3a7f9581-452c-4d15-a333-23ee964a20f2",
            "9921637d-c697-4d92-8ef3-6deca351014d",
            "0689c7a9-f2b8-4a11-aed1-8fe5adbafbbc",
            "1bec7512-ce33-4bdc-b8de-14408e52d0ef",
            "b0c236ee-02e8-42fe-82ac-d4908b6cbd45",
            "b62346d4-0a8e-43cf-b195-8e3cc8b08b67",
            "54b9a48c-0bbf-4430-b417-64cc7fd8317e",
            "0a8bacdb-4d0d-495f-83f4-a8a17fc46d60",
            "08188dbb-2717-4d04-96c3-da2e8579a361"
          ],
          "failures": [],
          "pending": [],
          "skipped": [],
          "duration": 2340,
          "root": false,
          "rootEmpty": false,
          "_timeout": 99000
        }
      ],
      "passes": [],
      "failures": [],
      "pending": [],
      "skipped": [],
      "duration": 0,
      "root": true,
      "rootEmpty": true,
      "_timeout": 99000
    }
  ],
  "meta": {
    "mocha": {
      "version": "10.2.0"
    },
    "mochawesome": {
      "options": {
        "quiet": false,
        "reportFilename": "mochawesome",
        "saveHtml": true,
        "saveJson": true,
        "consoleReporter": "spec",
        "useInlineDiffs": false,
        "code": true
      },
      "version": "7.1.3"
    },
    "marge": {
      "options": null,
      "version": "6.2.0"
    }
  }
}