{
  "stats": {
    "suites": 1,
    "tests": 10,
    "passes": 8,
    "pending": 2,
    "failures": 0,
    "start": "2023-06-01T19:32:15.309Z",
    "end": "2023-06-01T19:32:15.596Z",
    "duration": 287,
    "testsRegistered": 10,
    "passPercent": 100,
    "pendingPercent": 20,
    "other": 0,
    "hasOther": false,
    "skipped": 0,
    "hasSkipped": false
  },
  "results": [
    {
      "uuid": "a70a6ff2-e8af-4cf4-ac2b-dbb336f9066c",
      "title": "",
      "fullFile": "C:\\Users\\Stanislav_Nehrii\\Desktop\\AutomatedTestingMentoring_Advanced_JS\\src\\testsAPI\\test.spec.js",
      "file": "\\src\\testsAPI\\test.spec.js",
      "beforeHooks": [],
      "afterHooks": [],
      "tests": [],
      "suites": [
        {
          "uuid": "fbe67f6d-5705-487b-91d3-95c66050b6b2",
          "title": "API Test Suite",
          "fullFile": "C:\\Users\\Stanislav_Nehrii\\Desktop\\AutomatedTestingMentoring_Advanced_JS\\src\\testsAPI\\test.spec.js",
          "file": "\\src\\testsAPI\\test.spec.js",
          "beforeHooks": [],
          "afterHooks": [],
          "tests": [
            {
              "title": "[GET POSITIVE] Get list of project launches",
              "fullTitle": "API Test Suite [GET POSITIVE] Get list of project launches",
              "timedOut": false,
              "duration": 65,
              "state": "passed",
              "speed": "medium",
              "pass": true,
              "fail": false,
              "pending": false,
              "context": null,
              "code": "const response = await sendRequest('project_js/launch');\nexpect(response.status).to.equal(200);\nexpect(response.data.page.totalElements).to.equal(5);\nconst launchIds = response.data.content.map((launch) => launch.id);\nconst expectedIds = testData.map((data) => Number(data.launchesID))\nexpect(launchIds).to.deep.equal(expectedIds);",
              "err": {},
              "uuid": "f668b7d5-89a6-497f-9f1c-886fd5134eb5",
              "parentUUID": "fbe67f6d-5705-487b-91d3-95c66050b6b2",
              "isHook": false,
              "skipped": false
            },
            {
              "title": "[GET NEGATIVE] Get list of project launches for incorect project name",
              "fullTitle": "API Test Suite [GET NEGATIVE] Get list of project launches for incorect project name",
              "timedOut": false,
              "duration": 15,
              "state": "passed",
              "speed": "fast",
              "pass": true,
              "fail": false,
              "pending": false,
              "context": null,
              "code": "const response = await sendRequest('NEWproject_js/launch');\nexpect(response.status).to.equal(403);\nexpect(response.data.errorCode).to.equal(4003);\nexpect(response.data.message).to.equal('You do not have enough permissions. Please check the list of your available projects.');",
              "err": {},
              "uuid": "ff9d73d1-4d84-4d54-81c7-384c73104e15",
              "parentUUID": "fbe67f6d-5705-487b-91d3-95c66050b6b2",
              "isHook": false,
              "skipped": false
            },
            {
              "title": "[POST NEGATIVE_1] Merge set of incorect launches in common one",
              "fullTitle": "API Test Suite [POST NEGATIVE_1] Merge set of incorect launches in common one",
              "timedOut": false,
              "duration": 65,
              "state": "passed",
              "speed": "medium",
              "pass": true,
              "fail": false,
              "pending": false,
              "context": null,
              "code": "const body = {\n  \"launches\": [1, 2],\n  \"mergeType\": \"standart\",\n  \"name\": \"New Merge\"\n}\nresponse = await sendRequest('project_js/launch/merge ', 'post', body);\nexpect(response.status).to.equal(406);\nexpect(response.data.errorCode).to.equal(40033);\nexpect(response.data.message).to.equal(\"Merge Strategy type null is unsupported\");\nresponse = await sendRequest('stanislav_nehrii_personal/launch');",
              "err": {},
              "uuid": "93acb760-3c0a-40b3-b9b3-a354b8239781",
              "parentUUID": "fbe67f6d-5705-487b-91d3-95c66050b6b2",
              "isHook": false,
              "skipped": false
            },
            {
              "title": "[POST NEGATIVE_2] Merge set of incorect launches in common one",
              "fullTitle": "API Test Suite [POST NEGATIVE_2] Merge set of incorect launches in common one",
              "timedOut": false,
              "duration": 40,
              "state": "passed",
              "speed": "medium",
              "pass": true,
              "fail": false,
              "pending": false,
              "context": null,
              "code": "const body = {\n  \"launches\": [1111, 2222],\n  \"mergeType\": \"DEEP\",\n  \"name\": \"New Merge\"\n}\nresponse = await sendRequest('stanislav_nehrii_personal/launch/merge ', 'post', body);\nexpect(response.status).to.equal(400);\nexpect(response.data.errorCode).to.equal(40016);\nexpect(response.data.message).to.equal(\"Error in handled Request. Please, check specified parameters: 'Not all launches with provided ids were found'\");\nresponse = await sendRequest('stanislav_nehrii_personal/launch');\nconst launchIds = response.data.content.map((launch) => launch.id);\nexpect(launchIds).not.to.deep.contain(1111, 2222);",
              "err": {},
              "uuid": "c071c466-a397-4996-a146-0461c8d971d5",
              "parentUUID": "fbe67f6d-5705-487b-91d3-95c66050b6b2",
              "isHook": false,
              "skipped": false
            },
            {
              "title": "[POST POSITIVE] Deep Merge set of specified launches in common one",
              "fullTitle": "API Test Suite [POST POSITIVE] Deep Merge set of specified launches in common one",
              "timedOut": false,
              "duration": 0,
              "state": "pending",
              "speed": null,
              "pass": false,
              "fail": false,
              "pending": true,
              "context": null,
              "code": "",
              "err": {},
              "uuid": "b691dde3-a614-4fcf-bb50-5d449258bd74",
              "parentUUID": "fbe67f6d-5705-487b-91d3-95c66050b6b2",
              "isHook": false,
              "skipped": false
            },
            {
              "title": "[PUT POSITIVE] Bulk added attributes",
              "fullTitle": "API Test Suite [PUT POSITIVE] Bulk added attributes",
              "timedOut": false,
              "duration": 38,
              "state": "passed",
              "speed": "medium",
              "pass": true,
              "fail": false,
              "pending": false,
              "context": null,
              "code": "const body = {\n  \"attributes\": [\n    {\n      \"action\": \"CREATE\",\n      \"from\": {\n        \"key\": \"os\",\n        \"value\": \"Android\"\n      },\n      \"to\": {\n        \"key\": \"demo\",\n        \"value\": \"MacOS\"\n      }\n    }],\n  \"ids\": [6]\n}\nresponse = await sendRequest('stanislav_nehrii_personal/launch/info ', 'put', body);\nexpect(response.status).to.equal(200);\nresponse = await sendRequest('stanislav_nehrii_personal/launch');\nawait expect(response.data.content.find(elem => elem.id === 6).attributes.some(elem => elem.key === `demo` && elem.value === `MacOS`)).to.be.true;",
              "err": {},
              "uuid": "21a3982c-b250-4ffc-ba50-708283cf50b6",
              "parentUUID": "fbe67f6d-5705-487b-91d3-95c66050b6b2",
              "isHook": false,
              "skipped": false
            },
            {
              "title": "[PUT NEGATIVE_1] Bulk added attributes",
              "fullTitle": "API Test Suite [PUT NEGATIVE_1] Bulk added attributes",
              "timedOut": false,
              "duration": 13,
              "state": "passed",
              "speed": "fast",
              "pass": true,
              "fail": false,
              "pending": false,
              "context": null,
              "code": "const body = {\n  \"attributes\": [\n    {\n      \"action\": \"CREATE\",\n      \"from\": {\n        \"key\": \"os\",\n        \"value\": \"Android\"\n      },\n      \"to\": {\n        \"key\": \"demo\",\n        \"value\": \"MacOS\"\n      }\n    }],\n}\nresponse = await sendRequest('stanislav_nehrii_personal/launch/info ', 'put', body);\nexpect(response.status).to.equal(400);\nexpect(response.data.errorCode).to.equal(4001);\nexpect(response.data.message).to.equal(\"Incorrect Request. [Field 'ids' should not be null.] \");",
              "err": {},
              "uuid": "acee306f-1ad2-4c71-aa6c-d3243e02eeca",
              "parentUUID": "fbe67f6d-5705-487b-91d3-95c66050b6b2",
              "isHook": false,
              "skipped": false
            },
            {
              "title": "[PUT NEGATIVE_2] Bulk added attributes",
              "fullTitle": "API Test Suite [PUT NEGATIVE_2] Bulk added attributes",
              "timedOut": false,
              "duration": 19,
              "state": "passed",
              "speed": "fast",
              "pass": true,
              "fail": false,
              "pending": false,
              "context": null,
              "code": "const body = {\n  \"attributes\": [\n    {\n      \"to\": {\n        \"key\": \"demo\",\n        \"value\": \"demo\"\n      }\n    }],\n  \"ids\": [1]\n}\nresponse = await sendRequest('stanislav_nehrii_personal/launch/info ', 'put', body);\nexpect(response.status).to.equal(500);\nexpect(response.data.errorCode).to.equal(5000);\nexpect(response.data.message).to.equal(\"Unclassified error [null]\");",
              "err": {},
              "uuid": "36f69f44-6a41-4c87-94e4-2175a24a817e",
              "parentUUID": "fbe67f6d-5705-487b-91d3-95c66050b6b2",
              "isHook": false,
              "skipped": false
            },
            {
              "title": "[DELETE NEGATIVE] Delete specified launches by id",
              "fullTitle": "API Test Suite [DELETE NEGATIVE] Delete specified launches by id",
              "timedOut": false,
              "duration": 14,
              "state": "passed",
              "speed": "fast",
              "pass": true,
              "fail": false,
              "pending": false,
              "context": null,
              "code": "const body = {\n  \"ids\": [555]\n}\nresponse = await sendRequest('stanislav_nehrii_personal/launch ', 'delete', body);\nexpect(response.status).to.equal(200);\nexpect(response.data.successfullyDeleted.length).to.equal(0);\nexpect(response.data.errors.length).to.equal(0);\nexpect(response.data.notFound).to.deep.equal(body.ids);",
              "err": {},
              "uuid": "4348a72c-c203-49ce-b9d6-da636b44ac59",
              "parentUUID": "fbe67f6d-5705-487b-91d3-95c66050b6b2",
              "isHook": false,
              "skipped": false
            },
            {
              "title": "[DELETE POSITIVE] Delete specified launches by id",
              "fullTitle": "API Test Suite [DELETE POSITIVE] Delete specified launches by id",
              "timedOut": false,
              "duration": 0,
              "state": "pending",
              "speed": null,
              "pass": false,
              "fail": false,
              "pending": true,
              "context": null,
              "code": "",
              "err": {},
              "uuid": "b7d47c97-4bba-46d9-a46a-2bb353f3309c",
              "parentUUID": "fbe67f6d-5705-487b-91d3-95c66050b6b2",
              "isHook": false,
              "skipped": false
            }
          ],
          "suites": [],
          "passes": [
            "f668b7d5-89a6-497f-9f1c-886fd5134eb5",
            "ff9d73d1-4d84-4d54-81c7-384c73104e15",
            "93acb760-3c0a-40b3-b9b3-a354b8239781",
            "c071c466-a397-4996-a146-0461c8d971d5",
            "21a3982c-b250-4ffc-ba50-708283cf50b6",
            "acee306f-1ad2-4c71-aa6c-d3243e02eeca",
            "36f69f44-6a41-4c87-94e4-2175a24a817e",
            "4348a72c-c203-49ce-b9d6-da636b44ac59"
          ],
          "failures": [],
          "pending": [
            "b691dde3-a614-4fcf-bb50-5d449258bd74",
            "b7d47c97-4bba-46d9-a46a-2bb353f3309c"
          ],
          "skipped": [],
          "duration": 269,
          "root": false,
          "rootEmpty": false,
          "_timeout": 2000
        }
      ],
      "passes": [],
      "failures": [],
      "pending": [],
      "skipped": [],
      "duration": 0,
      "root": true,
      "rootEmpty": true,
      "_timeout": 2000
    }
  ],
  "meta": {
    "mocha": {
      "version": "10.2.0"
    },
    "mochawesome": {
      "options": {
        "quiet": false,
        "reportFilename": "mochawesome",
        "saveHtml": true,
        "saveJson": true,
        "consoleReporter": "spec",
        "useInlineDiffs": false,
        "code": true
      },
      "version": "7.1.3"
    },
    "marge": {
      "options": null,
      "version": "6.2.0"
    }
  }
}