{
  "stats": {
    "suites": 1,
    "tests": 10,
    "passes": 10,
    "pending": 0,
    "failures": 0,
    "start": "2023-06-06T15:15:55.790Z",
    "end": "2023-06-06T15:16:17.284Z",
    "duration": 21494,
    "testsRegistered": 10,
    "passPercent": 100,
    "pendingPercent": 0,
    "other": 0,
    "hasOther": false,
    "skipped": 0,
    "hasSkipped": false
  },
  "results": [
    {
      "uuid": "6f83def6-0aa3-4a5d-89ca-6280682aa529",
      "title": "",
      "fullFile": "C:\\Users\\Stanislav_Nehrii\\Desktop\\AutomatedTestingMentoring_Advanced_JS\\src\\testsAPI\\test.spec.js",
      "file": "\\src\\testsAPI\\test.spec.js",
      "beforeHooks": [],
      "afterHooks": [],
      "tests": [],
      "suites": [
        {
          "uuid": "6fd283e4-42a2-46f1-934c-8e28baf8373e",
          "title": "API Test Suite",
          "fullFile": "C:\\Users\\Stanislav_Nehrii\\Desktop\\AutomatedTestingMentoring_Advanced_JS\\src\\testsAPI\\test.spec.js",
          "file": "\\src\\testsAPI\\test.spec.js",
          "beforeHooks": [
            {
              "title": "\"before all\" hook: Create demo project and data for tests in \"API Test Suite\"",
              "fullTitle": "API Test Suite \"before all\" hook: Create demo project and data for tests in \"API Test Suite\"",
              "timedOut": false,
              "duration": 18607,
              "state": null,
              "speed": null,
              "pass": false,
              "fail": false,
              "pending": false,
              "context": null,
              "code": "const bodyForProject = {\n  \"entryType\": \"INTERNAL\",\n  \"projectName\": demoProjectName\n}\nresponse = await sendRequest('project', 'post', bodyForProject);\nexpect(await response.status).to.equal(201);\ndemoProjectID = response.data.id\nconst bodyForData = {}\nresponse = await sendRequest(`demo/${demoProjectName}`, 'post', bodyForData);\nexpect(await response.status).to.equal(200);\narrOfDemoLaunchesID = response.data.launchIds",
              "err": {},
              "uuid": "ebf6ca90-2fb9-48b7-b22e-03b8bd85d877",
              "parentUUID": "6fd283e4-42a2-46f1-934c-8e28baf8373e",
              "isHook": true,
              "skipped": false
            }
          ],
          "afterHooks": [
            {
              "title": "\"after all\" hook: Delete demo project and data after tests in \"API Test Suite\"",
              "fullTitle": "API Test Suite \"after all\" hook: Delete demo project and data after tests in \"API Test Suite\"",
              "timedOut": false,
              "duration": 343,
              "state": null,
              "speed": null,
              "pass": false,
              "fail": false,
              "pending": false,
              "context": null,
              "code": "this.timeout(120000)\nconst body = {\n  \"ids\": [demoProjectID]\n}\nresponse = await sendRequest('project', 'delete', body);\nexpect(await response.status).to.equal(200);\nresponse = await sendRequest('project/names');\nexpect(await response.status).to.equal(200);\nexpect(await response.data.includes(demoProjectName)).to.equal(false);",
              "err": {},
              "uuid": "c9dd6403-a652-4986-be08-ad7d2fd08d59",
              "parentUUID": "6fd283e4-42a2-46f1-934c-8e28baf8373e",
              "isHook": true,
              "skipped": false
            }
          ],
          "tests": [
            {
              "title": "[GET POSITIVE] Get list of project launches and compare with DTO file",
              "fullTitle": "API Test Suite [GET POSITIVE] Get list of project launches and compare with DTO file",
              "timedOut": false,
              "duration": 42,
              "state": "passed",
              "speed": "medium",
              "pass": true,
              "fail": false,
              "pending": false,
              "context": null,
              "code": "const response = await sendRequest(`${process.env.PROJECT}/launch`);\nexpect(response.status).to.equal(200);\nexpect(response.data.page.totalElements).to.equal(5);\nconst launchIds = response.data.content.map((launch) => launch.id);\nconst expectedIds = testData.map((data) => Number(data.launchesID))\nexpect(launchIds).to.deep.equal(expectedIds);",
              "err": {},
              "uuid": "472aba42-203d-4914-b46b-cdde6e129047",
              "parentUUID": "6fd283e4-42a2-46f1-934c-8e28baf8373e",
              "isHook": false,
              "skipped": false
            },
            {
              "title": "[GET NEGATIVE] Get list of project launches for incorect project name",
              "fullTitle": "API Test Suite [GET NEGATIVE] Get list of project launches for incorect project name",
              "timedOut": false,
              "duration": 18,
              "state": "passed",
              "speed": "fast",
              "pass": true,
              "fail": false,
              "pending": false,
              "context": null,
              "code": "const response = await sendRequest('fake_project_name/launch');\nexpect(response.status).to.equal(403);\nexpect(response.data.errorCode).to.equal(4003);\nexpect(response.data.message).to.equal('You do not have enough permissions. Please check the list of your available projects.');",
              "err": {},
              "uuid": "b8fd9635-3e19-4b2e-abc5-7dcfc788c461",
              "parentUUID": "6fd283e4-42a2-46f1-934c-8e28baf8373e",
              "isHook": false,
              "skipped": false
            },
            {
              "title": "[POST NEGATIVE_1] Merge set of incorect launches in common one",
              "fullTitle": "API Test Suite [POST NEGATIVE_1] Merge set of incorect launches in common one",
              "timedOut": false,
              "duration": 26,
              "state": "passed",
              "speed": "fast",
              "pass": true,
              "fail": false,
              "pending": false,
              "context": null,
              "code": "const body = {\n  \"launches\": [arrOfDemoLaunchesID[0], arrOfDemoLaunchesID[1]],\n  \"mergeType\": \"standart\",\n  \"name\": \"New Merge\"\n}\nresponse = await sendRequest(`${demoProjectName}/launch/merge `, 'post', body);\nexpect(response.status).to.equal(406);\nexpect(response.data.errorCode).to.equal(40033);\nexpect(response.data.message).to.equal(\"Merge Strategy type null is unsupported\");",
              "err": {},
              "uuid": "991a1c7f-1d87-4ad3-ac50-009e29d9a941",
              "parentUUID": "6fd283e4-42a2-46f1-934c-8e28baf8373e",
              "isHook": false,
              "skipped": false
            },
            {
              "title": "[POST NEGATIVE_2] Merge set of incorect launches in common one",
              "fullTitle": "API Test Suite [POST NEGATIVE_2] Merge set of incorect launches in common one",
              "timedOut": false,
              "duration": 38,
              "state": "passed",
              "speed": "medium",
              "pass": true,
              "fail": false,
              "pending": false,
              "context": null,
              "code": "const body = {\n  \"launches\": [(Math.max(...arrOfDemoLaunchesID) + 1), (Math.max(...arrOfDemoLaunchesID) + 2)],\n  \"mergeType\": \"DEEP\",\n  \"name\": \"New Merge\"\n}\nresponse = await sendRequest(`${demoProjectName}/launch/merge `, 'post', body);\nexpect(response.status).to.equal(400);\nexpect(response.data.errorCode).to.equal(40016);\nexpect(response.data.message).to.equal(\"Error in handled Request. Please, check specified parameters: 'Not all launches with provided ids were found'\");\nresponse = await sendRequest(`${demoProjectName}/launch`);\nconst launchIds = response.data.content.map((launch) => launch.id);\nexpect(launchIds).not.to.deep.contain((Math.max(...arrOfDemoLaunchesID) + 1), (Math.max(...arrOfDemoLaunchesID) + 2));",
              "err": {},
              "uuid": "76530d0b-f5a2-476a-91bc-a3233f363e7d",
              "parentUUID": "6fd283e4-42a2-46f1-934c-8e28baf8373e",
              "isHook": false,
              "skipped": false
            },
            {
              "title": "[POST POSITIVE] Deep Merge set of specified launches in common one",
              "fullTitle": "API Test Suite [POST POSITIVE] Deep Merge set of specified launches in common one",
              "timedOut": false,
              "duration": 2205,
              "state": "passed",
              "speed": "slow",
              "pass": true,
              "fail": false,
              "pending": false,
              "context": null,
              "code": "const body = {\n  \"launches\": [arrOfDemoLaunchesID[2], arrOfDemoLaunchesID[3]],\n  \"mergeType\": \"DEEP\",\n  \"name\": \"New Merge\"\n}\nresponse = await sendRequest(`${demoProjectName}/launch/merge `, 'post', body);\nexpect(response.status).to.equal(200);\nresponse = await sendRequest(`${demoProjectName}/launch`);\nconst launchIds = response.data.content.map((launch) => launch.id);\nexpect(launchIds).not.to.deep.contain(arrOfDemoLaunchesID[2], arrOfDemoLaunchesID[3]);\nconst launchNames = response.data.content.map((launch) => launch.name);\nexpect(launchNames).to.deep.contain(\"New Merge\");",
              "err": {},
              "uuid": "65655ac7-e4ff-4ffc-8a9b-a5e160b4ecf6",
              "parentUUID": "6fd283e4-42a2-46f1-934c-8e28baf8373e",
              "isHook": false,
              "skipped": false
            },
            {
              "title": "[PUT POSITIVE] Bulk added attributes",
              "fullTitle": "API Test Suite [PUT POSITIVE] Bulk added attributes",
              "timedOut": false,
              "duration": 37,
              "state": "passed",
              "speed": "fast",
              "pass": true,
              "fail": false,
              "pending": false,
              "context": null,
              "code": "const body = {\n  \"attributes\": [\n    {\n      \"action\": \"CREATE\",\n      \"from\": {\n        \"key\": \"os\",\n        \"value\": \"Android\"\n      },\n      \"to\": {\n        \"key\": \"demo\",\n        \"value\": \"MacOS\"\n      }\n    }],\n  \"ids\": [arrOfDemoLaunchesID[4]]\n}\nresponse = await sendRequest(`${demoProjectName}/launch/info `, 'put', body);\nexpect(response.status).to.equal(200);\nresponse = await sendRequest(`${demoProjectName}/launch`);\nawait expect(response.data.content.find(elem => elem.id === arrOfDemoLaunchesID[4]).attributes.some(elem => elem.key === `demo` && elem.value === `MacOS`)).to.be.true;",
              "err": {},
              "uuid": "a9f4a5a6-6dd1-40e3-9ee8-cc7337ecde24",
              "parentUUID": "6fd283e4-42a2-46f1-934c-8e28baf8373e",
              "isHook": false,
              "skipped": false
            },
            {
              "title": "[PUT NEGATIVE_1] Bulk added attributes",
              "fullTitle": "API Test Suite [PUT NEGATIVE_1] Bulk added attributes",
              "timedOut": false,
              "duration": 13,
              "state": "passed",
              "speed": "fast",
              "pass": true,
              "fail": false,
              "pending": false,
              "context": null,
              "code": "const body = {\n  \"attributes\": [\n    {\n      \"action\": \"CREATE\",\n      \"from\": {\n        \"key\": \"os\",\n        \"value\": \"Android\"\n      },\n      \"to\": {\n        \"key\": \"demo\",\n        \"value\": \"MacOS\"\n      }\n    }],\n}\nresponse = await sendRequest(`${demoProjectName}/launch/info `, 'put', body);\nexpect(response.status).to.equal(400);\nexpect(response.data.errorCode).to.equal(4001);\nexpect(response.data.message).to.equal(\"Incorrect Request. [Field 'ids' should not be null.] \");",
              "err": {},
              "uuid": "ea3d9526-4343-4a22-a345-c95e260c076d",
              "parentUUID": "6fd283e4-42a2-46f1-934c-8e28baf8373e",
              "isHook": false,
              "skipped": false
            },
            {
              "title": "[PUT NEGATIVE_2] Bulk added attributes",
              "fullTitle": "API Test Suite [PUT NEGATIVE_2] Bulk added attributes",
              "timedOut": false,
              "duration": 18,
              "state": "passed",
              "speed": "fast",
              "pass": true,
              "fail": false,
              "pending": false,
              "context": null,
              "code": "const body = {\n  \"attributes\": [\n    {\n      \"to\": {\n        \"key\": \"demo\",\n        \"value\": \"demo\"\n      }\n    }],\n  \"ids\": [arrOfDemoLaunchesID[0]]\n}\nresponse = await sendRequest(`${demoProjectName}/launch/info `, 'put', body);\nexpect(response.status).to.equal(500);\nexpect(response.data.errorCode).to.equal(5000);\nexpect(response.data.message).to.equal(\"Unclassified error [null]\");",
              "err": {},
              "uuid": "24400ea0-9ef1-4576-b370-d30cc786d1d2",
              "parentUUID": "6fd283e4-42a2-46f1-934c-8e28baf8373e",
              "isHook": false,
              "skipped": false
            },
            {
              "title": "[DELETE NEGATIVE] Delete specified launches by id",
              "fullTitle": "API Test Suite [DELETE NEGATIVE] Delete specified launches by id",
              "timedOut": false,
              "duration": 28,
              "state": "passed",
              "speed": "fast",
              "pass": true,
              "fail": false,
              "pending": false,
              "context": null,
              "code": "const body = {\n  \"ids\": [(Math.max(...arrOfDemoLaunchesID) + 10)]\n}\nresponse = await sendRequest(`${demoProjectName}/launch `, 'delete', body);\nexpect(response.status).to.equal(200);\nexpect(response.data.successfullyDeleted.length).to.equal(0);\nexpect(response.data.errors.length).to.equal(0);\nexpect(response.data.notFound).to.deep.equal(body.ids);",
              "err": {},
              "uuid": "d53077fb-2db1-441b-89d1-12434ff87f1d",
              "parentUUID": "6fd283e4-42a2-46f1-934c-8e28baf8373e",
              "isHook": false,
              "skipped": false
            },
            {
              "title": "[DELETE POSITIVE] Delete specified launches by id",
              "fullTitle": "API Test Suite [DELETE POSITIVE] Delete specified launches by id",
              "timedOut": false,
              "duration": 100,
              "state": "passed",
              "speed": "slow",
              "pass": true,
              "fail": false,
              "pending": false,
              "context": null,
              "code": "const body = {\n  \"ids\": [arrOfDemoLaunchesID[1]]\n}\nresponse = await sendRequest(`${demoProjectName}/launch `, 'delete', body);\nexpect(response.status).to.equal(200);\nexpect(response.data.successfullyDeleted).to.deep.equal(body.ids);\nexpect(response.data.errors.length).to.equal(0);\nexpect(response.data.notFound.length).to.equal(0);\nresponse = await sendRequest(`${demoProjectName}/launch`);\nconst launchIds = response.data.content.map((launch) => launch.id);\nexpect(body.ids.every(value => !launchIds.includes(value))).is.true",
              "err": {},
              "uuid": "970d76c6-2a98-4c7f-9da6-f39ee0afe333",
              "parentUUID": "6fd283e4-42a2-46f1-934c-8e28baf8373e",
              "isHook": false,
              "skipped": false
            }
          ],
          "suites": [],
          "passes": [
            "472aba42-203d-4914-b46b-cdde6e129047",
            "b8fd9635-3e19-4b2e-abc5-7dcfc788c461",
            "991a1c7f-1d87-4ad3-ac50-009e29d9a941",
            "76530d0b-f5a2-476a-91bc-a3233f363e7d",
            "65655ac7-e4ff-4ffc-8a9b-a5e160b4ecf6",
            "a9f4a5a6-6dd1-40e3-9ee8-cc7337ecde24",
            "ea3d9526-4343-4a22-a345-c95e260c076d",
            "24400ea0-9ef1-4576-b370-d30cc786d1d2",
            "d53077fb-2db1-441b-89d1-12434ff87f1d",
            "970d76c6-2a98-4c7f-9da6-f39ee0afe333"
          ],
          "failures": [],
          "pending": [],
          "skipped": [],
          "duration": 2525,
          "root": false,
          "rootEmpty": false,
          "_timeout": 99000
        }
      ],
      "passes": [],
      "failures": [],
      "pending": [],
      "skipped": [],
      "duration": 0,
      "root": true,
      "rootEmpty": true,
      "_timeout": 99000
    }
  ],
  "meta": {
    "mocha": {
      "version": "10.2.0"
    },
    "mochawesome": {
      "options": {
        "quiet": false,
        "reportFilename": "mochawesome",
        "saveHtml": true,
        "saveJson": true,
        "consoleReporter": "spec",
        "useInlineDiffs": false,
        "code": true
      },
      "version": "7.1.3"
    },
    "marge": {
      "options": null,
      "version": "6.2.0"
    }
  }
}