{
  "stats": {
    "suites": 1,
    "tests": 1,
    "passes": 1,
    "pending": 0,
    "failures": 0,
    "start": "2023-05-31T10:26:20.665Z",
    "end": "2023-05-31T10:26:20.745Z",
    "duration": 80,
    "testsRegistered": 1,
    "passPercent": 100,
    "pendingPercent": 0,
    "other": 0,
    "hasOther": false,
    "skipped": 0,
    "hasSkipped": false
  },
  "results": [
    {
      "uuid": "c51cd487-ff9a-400a-abaa-8a9ee9829156",
      "title": "",
      "fullFile": "C:\\Users\\Stanislav_Nehrii\\Desktop\\AutomatedTestingMentoring_Advanced_JS\\src\\testsAPI\\test.spec.js",
      "file": "\\src\\testsAPI\\test.spec.js",
      "beforeHooks": [],
      "afterHooks": [],
      "tests": [],
      "suites": [
        {
          "uuid": "10b004ea-5e36-4a33-83bc-3ddede6e282b",
          "title": "API Test Suite",
          "fullFile": "C:\\Users\\Stanislav_Nehrii\\Desktop\\AutomatedTestingMentoring_Advanced_JS\\src\\testsAPI\\test.spec.js",
          "file": "\\src\\testsAPI\\test.spec.js",
          "beforeHooks": [],
          "afterHooks": [],
          "tests": [
            {
              "title": "Get list of project launches ",
              "fullTitle": "API Test Suite Get list of project launches ",
              "timedOut": false,
              "duration": 73,
              "state": "passed",
              "speed": "medium",
              "pass": true,
              "fail": false,
              "pending": false,
              "context": null,
              "code": "const response = await sendRequest('project_js/launch');\nexpect(response.status).to.equal(200);\nexpect(response.data.page.totalElements).to.equal(5);\nconst launchIds = response.data.content.map((launch) => launch.id);\nconst expectedIds = [1, 2, 3, 4, 5];\nexpect(launchIds).to.deep.equal(expectedIds);",
              "err": {},
              "uuid": "c572c9e8-7047-4b8c-8da1-6f68ca7d213d",
              "parentUUID": "10b004ea-5e36-4a33-83bc-3ddede6e282b",
              "isHook": false,
              "skipped": false
            }
          ],
          "suites": [],
          "passes": [
            "c572c9e8-7047-4b8c-8da1-6f68ca7d213d"
          ],
          "failures": [],
          "pending": [],
          "skipped": [],
          "duration": 73,
          "root": false,
          "rootEmpty": false,
          "_timeout": 2000
        }
      ],
      "passes": [],
      "failures": [],
      "pending": [],
      "skipped": [],
      "duration": 0,
      "root": true,
      "rootEmpty": true,
      "_timeout": 2000
    }
  ],
  "meta": {
    "mocha": {
      "version": "10.2.0"
    },
    "mochawesome": {
      "options": {
        "quiet": false,
        "reportFilename": "mochawesome",
        "saveHtml": true,
        "saveJson": true,
        "consoleReporter": "spec",
        "useInlineDiffs": false,
        "code": true
      },
      "version": "7.1.3"
    },
    "marge": {
      "options": null,
      "version": "6.2.0"
    }
  }
}