{
  "stats": {
    "suites": 1,
    "tests": 10,
    "passes": 10,
    "pending": 0,
    "failures": 0,
    "start": "2023-06-06T18:33:59.124Z",
    "end": "2023-06-06T18:34:19.738Z",
    "duration": 20614,
    "testsRegistered": 10,
    "passPercent": 100,
    "pendingPercent": 0,
    "other": 0,
    "hasOther": false,
    "skipped": 0,
    "hasSkipped": false
  },
  "results": [
    {
      "uuid": "4e0853c8-1005-4acb-a71e-05c824790ddc",
      "title": "",
      "fullFile": "C:\\Users\\Stanislav_Nehrii\\Desktop\\AutomatedTestingMentoring_Advanced_JS\\src\\testsAPI\\test.spec.js",
      "file": "\\src\\testsAPI\\test.spec.js",
      "beforeHooks": [],
      "afterHooks": [],
      "tests": [],
      "suites": [
        {
          "uuid": "71a92f77-ff1f-46aa-a487-126cfd4d09c3",
          "title": "API Test Suite",
          "fullFile": "C:\\Users\\Stanislav_Nehrii\\Desktop\\AutomatedTestingMentoring_Advanced_JS\\src\\testsAPI\\test.spec.js",
          "file": "\\src\\testsAPI\\test.spec.js",
          "beforeHooks": [
            {
              "title": "\"before all\" hook: Create demo project and data for tests in \"API Test Suite\"",
              "fullTitle": "API Test Suite \"before all\" hook: Create demo project and data for tests in \"API Test Suite\"",
              "timedOut": false,
              "duration": 17965,
              "state": null,
              "speed": null,
              "pass": false,
              "fail": false,
              "pending": false,
              "context": null,
              "code": "const bodyForProject = {\n  \"entryType\": \"INTERNAL\",\n  \"projectName\": demoProjectName\n}\nresponse = await sendRequest('project', 'post', bodyForProject);\nexpect(await response.status).to.equal(201);\ndemoProjectID = response.data.id\nconst bodyForData = {}\nresponse = await sendRequest(`demo/${demoProjectName}`, 'post', bodyForData);\nexpect(await response.status).to.equal(200);\narrOfDemoLaunchesID = response.data.launchIds",
              "err": {},
              "uuid": "dcddc061-82c0-419a-bb94-d8af35e8b0e0",
              "parentUUID": "71a92f77-ff1f-46aa-a487-126cfd4d09c3",
              "isHook": true,
              "skipped": false
            }
          ],
          "afterHooks": [
            {
              "title": "\"after all\" hook: Delete demo project and data after tests in \"API Test Suite\"",
              "fullTitle": "API Test Suite \"after all\" hook: Delete demo project and data after tests in \"API Test Suite\"",
              "timedOut": false,
              "duration": 290,
              "state": null,
              "speed": null,
              "pass": false,
              "fail": false,
              "pending": false,
              "context": null,
              "code": "this.timeout(120000)\nconst body = {\n  \"ids\": [demoProjectID]\n}\nresponse = await sendRequest('project', 'delete', body);\nexpect(await response.status).to.equal(200);\nresponse = await sendRequest('project/names');\nexpect(await response.status).to.equal(200);\nexpect(await response.data.includes(demoProjectName)).to.equal(false);",
              "err": {},
              "uuid": "bbe1c73f-0acd-4a6b-9ff9-3bd947e47517",
              "parentUUID": "71a92f77-ff1f-46aa-a487-126cfd4d09c3",
              "isHook": true,
              "skipped": false
            }
          ],
          "tests": [
            {
              "title": "[GET POSITIVE] Get list of project launches and compare with DTO file",
              "fullTitle": "API Test Suite [GET POSITIVE] Get list of project launches and compare with DTO file",
              "timedOut": false,
              "duration": 20,
              "state": "passed",
              "speed": "fast",
              "pass": true,
              "fail": false,
              "pending": false,
              "context": null,
              "code": "const response = await sendRequest(`${conf.PROJECT}/launch`);\nexpect(response.status).to.equal(200);\nexpect(response.data.page.totalElements).to.equal(5);\nconst launchIds = response.data.content.map((launch) => launch.id);\nconst expectedIds = testData.map((data) => Number(data.launchesID))\nexpect(launchIds).to.deep.equal(expectedIds);",
              "err": {},
              "uuid": "44252cd9-ea53-4483-bf67-ea994c18ebb9",
              "parentUUID": "71a92f77-ff1f-46aa-a487-126cfd4d09c3",
              "isHook": false,
              "skipped": false
            },
            {
              "title": "[GET NEGATIVE] Get list of project launches for incorect project name",
              "fullTitle": "API Test Suite [GET NEGATIVE] Get list of project launches for incorect project name",
              "timedOut": false,
              "duration": 12,
              "state": "passed",
              "speed": "fast",
              "pass": true,
              "fail": false,
              "pending": false,
              "context": null,
              "code": "const response = await sendRequest('fake_project_name/launch');\nexpect(response.status).to.equal(403);\nexpect(response.data.errorCode).to.equal(4003);\nexpect(response.data.message).to.equal('You do not have enough permissions. Please check the list of your available projects.');",
              "err": {},
              "uuid": "ee998bad-7e3c-4e4e-9a03-804a2147218d",
              "parentUUID": "71a92f77-ff1f-46aa-a487-126cfd4d09c3",
              "isHook": false,
              "skipped": false
            },
            {
              "title": "[POST NEGATIVE_1] Merge set of incorect launches in common one",
              "fullTitle": "API Test Suite [POST NEGATIVE_1] Merge set of incorect launches in common one",
              "timedOut": false,
              "duration": 17,
              "state": "passed",
              "speed": "fast",
              "pass": true,
              "fail": false,
              "pending": false,
              "context": null,
              "code": "const body = {\n  \"launches\": [arrOfDemoLaunchesID[0], arrOfDemoLaunchesID[1]],\n  \"mergeType\": \"standart\",\n  \"name\": \"New Merge\"\n}\nresponse = await sendRequest(`${demoProjectName}/launch/merge `, 'post', body);\nexpect(response.status).to.equal(406);\nexpect(response.data.errorCode).to.equal(40033);\nexpect(response.data.message).to.equal(\"Merge Strategy type null is unsupported\");",
              "err": {},
              "uuid": "00ec5e39-7223-4479-b12d-30dbecf090f6",
              "parentUUID": "71a92f77-ff1f-46aa-a487-126cfd4d09c3",
              "isHook": false,
              "skipped": false
            },
            {
              "title": "[POST NEGATIVE_2] Merge set of incorect launches in common one",
              "fullTitle": "API Test Suite [POST NEGATIVE_2] Merge set of incorect launches in common one",
              "timedOut": false,
              "duration": 29,
              "state": "passed",
              "speed": "fast",
              "pass": true,
              "fail": false,
              "pending": false,
              "context": null,
              "code": "const body = {\n  \"launches\": [(Math.max(...arrOfDemoLaunchesID) + 1), (Math.max(...arrOfDemoLaunchesID) + 2)],\n  \"mergeType\": \"DEEP\",\n  \"name\": \"New Merge\"\n}\nresponse = await sendRequest(`${demoProjectName}/launch/merge `, 'post', body);\nexpect(response.status).to.equal(400);\nexpect(response.data.errorCode).to.equal(40016);\nexpect(response.data.message).to.equal(\"Error in handled Request. Please, check specified parameters: 'Not all launches with provided ids were found'\");\nresponse = await sendRequest(`${demoProjectName}/launch`);\nconst launchIds = response.data.content.map((launch) => launch.id);\nexpect(launchIds).not.to.deep.contain((Math.max(...arrOfDemoLaunchesID) + 1), (Math.max(...arrOfDemoLaunchesID) + 2));",
              "err": {},
              "uuid": "ff585272-0c06-434c-9455-26b1cbde6ac1",
              "parentUUID": "71a92f77-ff1f-46aa-a487-126cfd4d09c3",
              "isHook": false,
              "skipped": false
            },
            {
              "title": "[POST POSITIVE] Deep Merge set of specified launches in common one",
              "fullTitle": "API Test Suite [POST POSITIVE] Deep Merge set of specified launches in common one",
              "timedOut": false,
              "duration": 2072,
              "state": "passed",
              "speed": "slow",
              "pass": true,
              "fail": false,
              "pending": false,
              "context": null,
              "code": "const body = {\n  \"launches\": [arrOfDemoLaunchesID[2], arrOfDemoLaunchesID[3]],\n  \"mergeType\": \"DEEP\",\n  \"name\": \"New Merge\"\n}\nresponse = await sendRequest(`${demoProjectName}/launch/merge `, 'post', body);\nexpect(response.status).to.equal(200);\nresponse = await sendRequest(`${demoProjectName}/launch`);\nconst launchIds = response.data.content.map((launch) => launch.id);\nexpect(launchIds).not.to.deep.contain(arrOfDemoLaunchesID[2], arrOfDemoLaunchesID[3]);\nconst launchNames = response.data.content.map((launch) => launch.name);\nexpect(launchNames).to.deep.contain(\"New Merge\");",
              "err": {},
              "uuid": "0c7097c8-457f-4aad-85a4-fdcf71a62010",
              "parentUUID": "71a92f77-ff1f-46aa-a487-126cfd4d09c3",
              "isHook": false,
              "skipped": false
            },
            {
              "title": "[PUT POSITIVE] Bulk added attributes",
              "fullTitle": "API Test Suite [PUT POSITIVE] Bulk added attributes",
              "timedOut": false,
              "duration": 47,
              "state": "passed",
              "speed": "medium",
              "pass": true,
              "fail": false,
              "pending": false,
              "context": null,
              "code": "const body = {\n  \"attributes\": [\n    {\n      \"action\": \"CREATE\",\n      \"from\": {\n        \"key\": \"os\",\n        \"value\": \"Android\"\n      },\n      \"to\": {\n        \"key\": \"demo\",\n        \"value\": \"MacOS\"\n      }\n    }],\n  \"ids\": [arrOfDemoLaunchesID[4]]\n}\nresponse = await sendRequest(`${demoProjectName}/launch/info `, 'put', body);\nexpect(response.status).to.equal(200);\nresponse = await sendRequest(`${demoProjectName}/launch`);\nawait expect(response.data.content.find(elem => elem.id === arrOfDemoLaunchesID[4]).attributes.some(elem => elem.key === `demo` && elem.value === `MacOS`)).to.be.true;",
              "err": {},
              "uuid": "aa790eed-79f3-47fe-9bef-aca2a1bcc240",
              "parentUUID": "71a92f77-ff1f-46aa-a487-126cfd4d09c3",
              "isHook": false,
              "skipped": false
            },
            {
              "title": "[PUT NEGATIVE_1] Bulk added attributes",
              "fullTitle": "API Test Suite [PUT NEGATIVE_1] Bulk added attributes",
              "timedOut": false,
              "duration": 10,
              "state": "passed",
              "speed": "fast",
              "pass": true,
              "fail": false,
              "pending": false,
              "context": null,
              "code": "const body = {\n  \"attributes\": [\n    {\n      \"action\": \"CREATE\",\n      \"from\": {\n        \"key\": \"os\",\n        \"value\": \"Android\"\n      },\n      \"to\": {\n        \"key\": \"demo\",\n        \"value\": \"MacOS\"\n      }\n    }],\n}\nresponse = await sendRequest(`${demoProjectName}/launch/info `, 'put', body);\nexpect(response.status).to.equal(400);\nexpect(response.data.errorCode).to.equal(4001);\nexpect(response.data.message).to.equal(\"Incorrect Request. [Field 'ids' should not be null.] \");",
              "err": {},
              "uuid": "c06720f3-6d6c-4eba-86a3-2d91205d1716",
              "parentUUID": "71a92f77-ff1f-46aa-a487-126cfd4d09c3",
              "isHook": false,
              "skipped": false
            },
            {
              "title": "[PUT NEGATIVE_2] Bulk added attributes",
              "fullTitle": "API Test Suite [PUT NEGATIVE_2] Bulk added attributes",
              "timedOut": false,
              "duration": 26,
              "state": "passed",
              "speed": "fast",
              "pass": true,
              "fail": false,
              "pending": false,
              "context": null,
              "code": "const body = {\n  \"attributes\": [\n    {\n      \"to\": {\n        \"key\": \"demo\",\n        \"value\": \"demo\"\n      }\n    }],\n  \"ids\": [arrOfDemoLaunchesID[0]]\n}\nresponse = await sendRequest(`${demoProjectName}/launch/info `, 'put', body);\nexpect(response.status).to.equal(500);\nexpect(response.data.errorCode).to.equal(5000);\nexpect(response.data.message).to.equal(\"Unclassified error [null]\");",
              "err": {},
              "uuid": "c91cb8e3-3d76-4b82-bae0-454372effa87",
              "parentUUID": "71a92f77-ff1f-46aa-a487-126cfd4d09c3",
              "isHook": false,
              "skipped": false
            },
            {
              "title": "[DELETE NEGATIVE] Delete specified launches by id",
              "fullTitle": "API Test Suite [DELETE NEGATIVE] Delete specified launches by id",
              "timedOut": false,
              "duration": 18,
              "state": "passed",
              "speed": "fast",
              "pass": true,
              "fail": false,
              "pending": false,
              "context": null,
              "code": "const body = {\n  \"ids\": [(Math.max(...arrOfDemoLaunchesID) + 10)]\n}\nresponse = await sendRequest(`${demoProjectName}/launch `, 'delete', body);\nexpect(response.status).to.equal(200);\nexpect(response.data.successfullyDeleted.length).to.equal(0);\nexpect(response.data.errors.length).to.equal(0);\nexpect(response.data.notFound).to.deep.equal(body.ids);",
              "err": {},
              "uuid": "00b9a7dc-fde0-4822-aa8c-298a14203206",
              "parentUUID": "71a92f77-ff1f-46aa-a487-126cfd4d09c3",
              "isHook": false,
              "skipped": false
            },
            {
              "title": "[DELETE POSITIVE] Delete specified launches by id",
              "fullTitle": "API Test Suite [DELETE POSITIVE] Delete specified launches by id",
              "timedOut": false,
              "duration": 89,
              "state": "passed",
              "speed": "slow",
              "pass": true,
              "fail": false,
              "pending": false,
              "context": null,
              "code": "const body = {\n  \"ids\": [arrOfDemoLaunchesID[1]]\n}\nresponse = await sendRequest(`${demoProjectName}/launch `, 'delete', body);\nexpect(response.status).to.equal(200);\nexpect(response.data.successfullyDeleted).to.deep.equal(body.ids);\nexpect(response.data.errors.length).to.equal(0);\nexpect(response.data.notFound.length).to.equal(0);\nresponse = await sendRequest(`${demoProjectName}/launch`);\nconst launchIds = response.data.content.map((launch) => launch.id);\nexpect(body.ids.every(value => !launchIds.includes(value))).is.true",
              "err": {},
              "uuid": "410958e9-179e-4fef-b565-58dbee8762ff",
              "parentUUID": "71a92f77-ff1f-46aa-a487-126cfd4d09c3",
              "isHook": false,
              "skipped": false
            }
          ],
          "suites": [],
          "passes": [
            "44252cd9-ea53-4483-bf67-ea994c18ebb9",
            "ee998bad-7e3c-4e4e-9a03-804a2147218d",
            "00ec5e39-7223-4479-b12d-30dbecf090f6",
            "ff585272-0c06-434c-9455-26b1cbde6ac1",
            "0c7097c8-457f-4aad-85a4-fdcf71a62010",
            "aa790eed-79f3-47fe-9bef-aca2a1bcc240",
            "c06720f3-6d6c-4eba-86a3-2d91205d1716",
            "c91cb8e3-3d76-4b82-bae0-454372effa87",
            "00b9a7dc-fde0-4822-aa8c-298a14203206",
            "410958e9-179e-4fef-b565-58dbee8762ff"
          ],
          "failures": [],
          "pending": [],
          "skipped": [],
          "duration": 2340,
          "root": false,
          "rootEmpty": false,
          "_timeout": 99000
        }
      ],
      "passes": [],
      "failures": [],
      "pending": [],
      "skipped": [],
      "duration": 0,
      "root": true,
      "rootEmpty": true,
      "_timeout": 99000
    }
  ],
  "meta": {
    "mocha": {
      "version": "10.2.0"
    },
    "mochawesome": {
      "options": {
        "quiet": false,
        "reportFilename": "mochawesome",
        "saveHtml": true,
        "saveJson": true,
        "consoleReporter": "spec",
        "useInlineDiffs": false,
        "code": true
      },
      "version": "7.1.3"
    },
    "marge": {
      "options": null,
      "version": "6.2.0"
    }
  }
}