{
  "stats": {
    "suites": 1,
    "tests": 10,
    "passes": 10,
    "pending": 0,
    "failures": 0,
    "start": "2023-06-09T09:33:35.185Z",
    "end": "2023-06-09T09:34:13.771Z",
    "duration": 38586,
    "testsRegistered": 10,
    "passPercent": 100,
    "pendingPercent": 0,
    "other": 0,
    "hasOther": false,
    "skipped": 0,
    "hasSkipped": false
  },
  "results": [
    {
      "uuid": "82d868ed-2eae-4173-a599-f8f2f6918cf5",
      "title": "",
      "fullFile": "C:\\Users\\Stanislav_Nehrii\\Desktop\\AutomatedTestingMentoring_Advanced_JS\\src\\testsAPI\\test.spec.js",
      "file": "\\src\\testsAPI\\test.spec.js",
      "beforeHooks": [],
      "afterHooks": [],
      "tests": [],
      "suites": [
        {
          "uuid": "d0c46791-f593-491d-b874-180f859bc4ed",
          "title": "API Test Suite",
          "fullFile": "C:\\Users\\Stanislav_Nehrii\\Desktop\\AutomatedTestingMentoring_Advanced_JS\\src\\testsAPI\\test.spec.js",
          "file": "\\src\\testsAPI\\test.spec.js",
          "beforeHooks": [
            {
              "title": "\"before all\" hook: Create demo project and data for tests in \"API Test Suite\"",
              "fullTitle": "API Test Suite \"before all\" hook: Create demo project and data for tests in \"API Test Suite\"",
              "timedOut": false,
              "duration": 34047,
              "state": null,
              "speed": null,
              "pass": false,
              "fail": false,
              "pending": false,
              "context": null,
              "code": "const bodyForProject = {\n  \"entryType\": \"INTERNAL\",\n  \"projectName\": demoProjectName\n}\nresponse = await sendRequest('project', 'post', bodyForProject);\nexpect(await response.status).to.equal(201);\ndemoProjectID = response.data.id\nconst bodyForData = {}\nresponse = await sendRequest(`demo/${demoProjectName}`, 'post', bodyForData);\nexpect(await response.status).to.equal(200);\narrOfDemoLaunchesID = response.data.launchIds",
              "err": {},
              "uuid": "c321b55d-c8b9-44f8-a369-7522e5374171",
              "parentUUID": "d0c46791-f593-491d-b874-180f859bc4ed",
              "isHook": true,
              "skipped": false
            }
          ],
          "afterHooks": [
            {
              "title": "\"after all\" hook: Delete demo project and data after tests in \"API Test Suite\"",
              "fullTitle": "API Test Suite \"after all\" hook: Delete demo project and data after tests in \"API Test Suite\"",
              "timedOut": false,
              "duration": 447,
              "state": null,
              "speed": null,
              "pass": false,
              "fail": false,
              "pending": false,
              "context": null,
              "code": "this.timeout(120000)\nconst body = {\n  \"ids\": [demoProjectID]\n}\nresponse = await sendRequest('project', 'delete', body);\nexpect(await response.status).to.equal(200);\nresponse = await sendRequest('project/names');\nexpect(await response.status).to.equal(200);\nexpect(await response.data.includes(demoProjectName)).to.equal(false);",
              "err": {},
              "uuid": "d28fe91d-77a5-4654-a3d8-75c7ce34f791",
              "parentUUID": "d0c46791-f593-491d-b874-180f859bc4ed",
              "isHook": true,
              "skipped": false
            }
          ],
          "tests": [
            {
              "title": "[GET POSITIVE] Get list of project launches and compare with DTO file",
              "fullTitle": "API Test Suite [GET POSITIVE] Get list of project launches and compare with DTO file",
              "timedOut": false,
              "duration": 117,
              "state": "passed",
              "speed": "slow",
              "pass": true,
              "fail": false,
              "pending": false,
              "context": null,
              "code": "const response = await sendRequest(`${conf.PROJECT}/launch`);\nexpect(response.status).to.equal(200);\nexpect(response.data.page.totalElements).to.equal(5);\nconst launchIds = response.data.content.map((launch) => launch.id);\nconst expectedIds = testData.map((data) => Number(data.launchesID))\nexpect(launchIds).to.deep.equal(expectedIds);",
              "err": {},
              "uuid": "ea53cce5-a574-4289-a670-a5af32f91cbf",
              "parentUUID": "d0c46791-f593-491d-b874-180f859bc4ed",
              "isHook": false,
              "skipped": false
            },
            {
              "title": "[GET NEGATIVE] Get list of project launches for incorect project name",
              "fullTitle": "API Test Suite [GET NEGATIVE] Get list of project launches for incorect project name",
              "timedOut": false,
              "duration": 38,
              "state": "passed",
              "speed": "medium",
              "pass": true,
              "fail": false,
              "pending": false,
              "context": null,
              "code": "const response = await sendRequest('fake_project_name/launch');\nexpect(response.status).to.equal(403);\nexpect(response.data.errorCode).to.equal(4003);\nexpect(response.data.message).to.equal('You do not have enough permissions. Please check the list of your available projects.');",
              "err": {},
              "uuid": "c896c88a-bf3a-49f8-87c0-129443cc1820",
              "parentUUID": "d0c46791-f593-491d-b874-180f859bc4ed",
              "isHook": false,
              "skipped": false
            },
            {
              "title": "[POST NEGATIVE_1] Merge set of incorect launches in common one",
              "fullTitle": "API Test Suite [POST NEGATIVE_1] Merge set of incorect launches in common one",
              "timedOut": false,
              "duration": 98,
              "state": "passed",
              "speed": "slow",
              "pass": true,
              "fail": false,
              "pending": false,
              "context": null,
              "code": "const body = {\n  \"launches\": [arrOfDemoLaunchesID[0], arrOfDemoLaunchesID[1]],\n  \"mergeType\": \"standart\",\n  \"name\": \"New Merge\"\n}\nresponse = await sendRequest(`${demoProjectName}/launch/merge `, 'post', body);\nexpect(response.status).to.equal(406);\nexpect(response.data.errorCode).to.equal(40033);\nexpect(response.data.message).to.equal(\"Merge Strategy type null is unsupported\");",
              "err": {},
              "uuid": "93a7b529-0be4-4c2a-8f82-3ec4f281e210",
              "parentUUID": "d0c46791-f593-491d-b874-180f859bc4ed",
              "isHook": false,
              "skipped": false
            },
            {
              "title": "[POST NEGATIVE_2] Merge set of incorect launches in common one",
              "fullTitle": "API Test Suite [POST NEGATIVE_2] Merge set of incorect launches in common one",
              "timedOut": false,
              "duration": 94,
              "state": "passed",
              "speed": "slow",
              "pass": true,
              "fail": false,
              "pending": false,
              "context": null,
              "code": "const body = {\n  \"launches\": [(Math.max(...arrOfDemoLaunchesID) + 1), (Math.max(...arrOfDemoLaunchesID) + 2)],\n  \"mergeType\": \"DEEP\",\n  \"name\": \"New Merge\"\n}\nresponse = await sendRequest(`${demoProjectName}/launch/merge `, 'post', body);\nexpect(response.status).to.equal(400);\nexpect(response.data.errorCode).to.equal(40016);\nexpect(response.data.message).to.equal(\"Error in handled Request. Please, check specified parameters: 'Not all launches with provided ids were found'\");\nresponse = await sendRequest(`${demoProjectName}/launch`);\nconst launchIds = response.data.content.map((launch) => launch.id);\nexpect(launchIds).not.to.deep.contain((Math.max(...arrOfDemoLaunchesID) + 1), (Math.max(...arrOfDemoLaunchesID) + 2));",
              "err": {},
              "uuid": "dd40cd86-4bf4-4cca-b36a-d95729891da5",
              "parentUUID": "d0c46791-f593-491d-b874-180f859bc4ed",
              "isHook": false,
              "skipped": false
            },
            {
              "title": "[POST POSITIVE] Deep Merge set of specified launches in common one",
              "fullTitle": "API Test Suite [POST POSITIVE] Deep Merge set of specified launches in common one",
              "timedOut": false,
              "duration": 3361,
              "state": "passed",
              "speed": "slow",
              "pass": true,
              "fail": false,
              "pending": false,
              "context": null,
              "code": "const body = {\n  \"launches\": [arrOfDemoLaunchesID[2], arrOfDemoLaunchesID[3]],\n  \"mergeType\": \"DEEP\",\n  \"name\": \"New Merge\"\n}\nresponse = await sendRequest(`${demoProjectName}/launch/merge `, 'post', body);\nexpect(response.status).to.equal(200);\nresponse = await sendRequest(`${demoProjectName}/launch`);\nconst launchIds = response.data.content.map((launch) => launch.id);\nexpect(launchIds).not.to.deep.contain(arrOfDemoLaunchesID[2], arrOfDemoLaunchesID[3]);\nconst launchNames = response.data.content.map((launch) => launch.name);\nexpect(launchNames).to.deep.contain(\"New Merge\");",
              "err": {},
              "uuid": "e842bd3f-5324-4e93-8bac-bc6e51e32097",
              "parentUUID": "d0c46791-f593-491d-b874-180f859bc4ed",
              "isHook": false,
              "skipped": false
            },
            {
              "title": "[PUT POSITIVE] Bulk added attributes",
              "fullTitle": "API Test Suite [PUT POSITIVE] Bulk added attributes",
              "timedOut": false,
              "duration": 96,
              "state": "passed",
              "speed": "slow",
              "pass": true,
              "fail": false,
              "pending": false,
              "context": null,
              "code": "const body = {\n  \"attributes\": [\n    {\n      \"action\": \"CREATE\",\n      \"from\": {\n        \"key\": \"os\",\n        \"value\": \"Android\"\n      },\n      \"to\": {\n        \"key\": \"demo\",\n        \"value\": \"MacOS\"\n      }\n    }],\n  \"ids\": [arrOfDemoLaunchesID[4]]\n}\nresponse = await sendRequest(`${demoProjectName}/launch/info `, 'put', body);\nexpect(response.status).to.equal(200);\nresponse = await sendRequest(`${demoProjectName}/launch`);\nawait expect(response.data.content.find(elem => elem.id === arrOfDemoLaunchesID[4]).attributes.some(elem => elem.key === `demo` && elem.value === `MacOS`)).to.be.true;",
              "err": {},
              "uuid": "44235891-5312-441c-97c1-e736e555675f",
              "parentUUID": "d0c46791-f593-491d-b874-180f859bc4ed",
              "isHook": false,
              "skipped": false
            },
            {
              "title": "[PUT NEGATIVE_1] Bulk added attributes",
              "fullTitle": "API Test Suite [PUT NEGATIVE_1] Bulk added attributes",
              "timedOut": false,
              "duration": 47,
              "state": "passed",
              "speed": "medium",
              "pass": true,
              "fail": false,
              "pending": false,
              "context": null,
              "code": "const body = {\n  \"attributes\": [\n    {\n      \"action\": \"CREATE\",\n      \"from\": {\n        \"key\": \"os\",\n        \"value\": \"Android\"\n      },\n      \"to\": {\n        \"key\": \"demo\",\n        \"value\": \"MacOS\"\n      }\n    }],\n}\nresponse = await sendRequest(`${demoProjectName}/launch/info `, 'put', body);\nexpect(response.status).to.equal(400);\nexpect(response.data.errorCode).to.equal(4001);\nexpect(response.data.message).to.equal(\"Incorrect Request. [Field 'ids' should not be null.] \");",
              "err": {},
              "uuid": "f919ddd0-5a05-4a64-ae44-28a241a65484",
              "parentUUID": "d0c46791-f593-491d-b874-180f859bc4ed",
              "isHook": false,
              "skipped": false
            },
            {
              "title": "[PUT NEGATIVE_2] Bulk added attributes",
              "fullTitle": "API Test Suite [PUT NEGATIVE_2] Bulk added attributes",
              "timedOut": false,
              "duration": 26,
              "state": "passed",
              "speed": "fast",
              "pass": true,
              "fail": false,
              "pending": false,
              "context": null,
              "code": "const body = {\n  \"attributes\": [\n    {\n      \"to\": {\n        \"key\": \"demo\",\n        \"value\": \"demo\"\n      }\n    }],\n  \"ids\": [arrOfDemoLaunchesID[0]]\n}\nresponse = await sendRequest(`${demoProjectName}/launch/info `, 'put', body);\nexpect(response.status).to.equal(500);\nexpect(response.data.errorCode).to.equal(5000);\nexpect(response.data.message).to.equal(\"Unclassified error [null]\");",
              "err": {},
              "uuid": "a464ad49-248c-41c7-9551-a558db78853b",
              "parentUUID": "d0c46791-f593-491d-b874-180f859bc4ed",
              "isHook": false,
              "skipped": false
            },
            {
              "title": "[DELETE NEGATIVE] Delete specified launches by id",
              "fullTitle": "API Test Suite [DELETE NEGATIVE] Delete specified launches by id",
              "timedOut": false,
              "duration": 28,
              "state": "passed",
              "speed": "fast",
              "pass": true,
              "fail": false,
              "pending": false,
              "context": null,
              "code": "const body = {\n  \"ids\": [(Math.max(...arrOfDemoLaunchesID) + 10)]\n}\nresponse = await sendRequest(`${demoProjectName}/launch `, 'delete', body);\nexpect(response.status).to.equal(200);\nexpect(response.data.successfullyDeleted.length).to.equal(0);\nexpect(response.data.errors.length).to.equal(0);\nexpect(response.data.notFound).to.deep.equal(body.ids);",
              "err": {},
              "uuid": "8c54305d-7d45-463f-8d14-74c2874d981a",
              "parentUUID": "d0c46791-f593-491d-b874-180f859bc4ed",
              "isHook": false,
              "skipped": false
            },
            {
              "title": "[DELETE POSITIVE] Delete specified launches by id",
              "fullTitle": "API Test Suite [DELETE POSITIVE] Delete specified launches by id",
              "timedOut": false,
              "duration": 168,
              "state": "passed",
              "speed": "slow",
              "pass": true,
              "fail": false,
              "pending": false,
              "context": null,
              "code": "const body = {\n  \"ids\": [arrOfDemoLaunchesID[1]]\n}\nresponse = await sendRequest(`${demoProjectName}/launch `, 'delete', body);\nexpect(response.status).to.equal(200);\nexpect(response.data.successfullyDeleted).to.deep.equal(body.ids);\nexpect(response.data.errors.length).to.equal(0);\nexpect(response.data.notFound.length).to.equal(0);\nresponse = await sendRequest(`${demoProjectName}/launch`);\nconst launchIds = response.data.content.map((launch) => launch.id);\nexpect(body.ids.every(value => !launchIds.includes(value))).is.true",
              "err": {},
              "uuid": "59c6ee6e-574e-4e1f-a84a-5a494a509d14",
              "parentUUID": "d0c46791-f593-491d-b874-180f859bc4ed",
              "isHook": false,
              "skipped": false
            }
          ],
          "suites": [],
          "passes": [
            "ea53cce5-a574-4289-a670-a5af32f91cbf",
            "c896c88a-bf3a-49f8-87c0-129443cc1820",
            "93a7b529-0be4-4c2a-8f82-3ec4f281e210",
            "dd40cd86-4bf4-4cca-b36a-d95729891da5",
            "e842bd3f-5324-4e93-8bac-bc6e51e32097",
            "44235891-5312-441c-97c1-e736e555675f",
            "f919ddd0-5a05-4a64-ae44-28a241a65484",
            "a464ad49-248c-41c7-9551-a558db78853b",
            "8c54305d-7d45-463f-8d14-74c2874d981a",
            "59c6ee6e-574e-4e1f-a84a-5a494a509d14"
          ],
          "failures": [],
          "pending": [],
          "skipped": [],
          "duration": 4073,
          "root": false,
          "rootEmpty": false,
          "_timeout": 99000
        }
      ],
      "passes": [],
      "failures": [],
      "pending": [],
      "skipped": [],
      "duration": 0,
      "root": true,
      "rootEmpty": true,
      "_timeout": 99000
    }
  ],
  "meta": {
    "mocha": {
      "version": "10.2.0"
    },
    "mochawesome": {
      "options": {
        "quiet": false,
        "reportFilename": "mochawesome",
        "saveHtml": true,
        "saveJson": true,
        "consoleReporter": "spec",
        "useInlineDiffs": false,
        "code": true
      },
      "version": "7.1.3"
    },
    "marge": {
      "options": null,
      "version": "6.2.0"
    }
  }
}