{
  "stats": {
    "suites": 1,
    "tests": 10,
    "passes": 10,
    "pending": 0,
    "failures": 0,
    "start": "2023-06-11T10:51:47.266Z",
    "end": "2023-06-11T10:52:09.978Z",
    "duration": 22712,
    "testsRegistered": 10,
    "passPercent": 100,
    "pendingPercent": 0,
    "other": 0,
    "hasOther": false,
    "skipped": 0,
    "hasSkipped": false
  },
  "results": [
    {
      "uuid": "b8c77204-5651-4414-9cb8-46301a4abdad",
      "title": "",
      "fullFile": "C:\\Users\\Stanislav_Nehrii\\Desktop\\AutomatedTestingMentoring_Advanced_JS\\src\\testsAPI\\test.spec.js",
      "file": "\\src\\testsAPI\\test.spec.js",
      "beforeHooks": [],
      "afterHooks": [],
      "tests": [],
      "suites": [
        {
          "uuid": "96b1b1f6-926d-439d-9da6-9360445b59f2",
          "title": "API Test Suite",
          "fullFile": "C:\\Users\\Stanislav_Nehrii\\Desktop\\AutomatedTestingMentoring_Advanced_JS\\src\\testsAPI\\test.spec.js",
          "file": "\\src\\testsAPI\\test.spec.js",
          "beforeHooks": [
            {
              "title": "\"before all\" hook: [PRECONDITIONS] Create demo project and data for tests in \"API Test Suite\"",
              "fullTitle": "API Test Suite \"before all\" hook: [PRECONDITIONS] Create demo project and data for tests in \"API Test Suite\"",
              "timedOut": false,
              "duration": 20187,
              "state": null,
              "speed": null,
              "pass": false,
              "fail": false,
              "pending": false,
              "context": null,
              "code": "const bodyForProject = {\n  \"entryType\": \"INTERNAL\",\n  \"projectName\": demoProjectName\n}\nresponseSchema.properties.data = {\n  \"type\": \"object\",\n  \"properties\": {\n    \"id\": {\n      \"type\": \"integer\"\n    }\n  },\n  \"required\": [\"id\"]\n}\nresponse = await sendRequest('project', 'post', bodyForProject);\nexpect(await response.status).to.equal(201);\ndemoProjectID = response.data.id\nexpect(await response).to.be.jsonSchema(responseSchema);\nconst bodyForData = {}\nresponse = await sendRequest(`demo/${demoProjectName}`, 'post', bodyForData);\nexpect(await response.status).to.equal(200);\narrOfDemoLaunchesID = response.data.launchIds\nresponseSchema.properties.data = {\n  \"type\": \"object\",\n  \"properties\": {\n    \"dashboardId\": {\n      \"type\": \"integer\"\n    },\n    \"launchIds\": {\n      \"type\": \"array\",\n      \"items\": {\n        \"type\": \"integer\"\n      }\n    }\n  },\n  \"required\": [\"dashboardId\", \"launchIds\"]\n}\nexpect(await response).to.be.jsonSchema(responseSchema);",
              "err": {},
              "uuid": "54552463-ba22-491c-a638-c365a79d06d8",
              "parentUUID": "96b1b1f6-926d-439d-9da6-9360445b59f2",
              "isHook": true,
              "skipped": false
            }
          ],
          "afterHooks": [
            {
              "title": "\"after all\" hook: [POSTCONDITIONS] Delete demo project and data after tests in \"API Test Suite\"",
              "fullTitle": "API Test Suite \"after all\" hook: [POSTCONDITIONS] Delete demo project and data after tests in \"API Test Suite\"",
              "timedOut": false,
              "duration": 355,
              "state": null,
              "speed": null,
              "pass": false,
              "fail": false,
              "pending": false,
              "context": null,
              "code": "const body = {\n  \"ids\": [demoProjectID]\n}\nresponse = await sendRequest('project', 'delete', body);\nexpect(await response.status).to.equal(200);\nresponseSchema.properties.data = {\n  \"type\": \"object\",\n  \"properties\": {\n    \"successfullyDeleted\": {\n      \"type\": \"array\",\n      \"items\": {\n        \"type\": \"number\"\n      }\n    },\n    \"notFound\": {\n      \"type\": \"array\",\n      \"items\": {\n        \"type\": \"number\"\n      }\n    },\n    \"errors\": {\n      \"type\": \"array\",\n      \"items\": {\n        \"type\": \"number\"\n      }\n    }\n  },\n  \"required\": [\"successfullyDeleted\", \"notFound\", \"errors\"]\n}\nexpect(await response).to.be.jsonSchema(responseSchema);\nresponse = await sendRequest('project/names');\nresponseSchema.properties.data = {\n  \"type\": \"array\",\n  \"items\": {\n    \"type\": \"string\"\n  }\n}\nexpect(await response.status).to.equal(200);\nexpect(await response.data.includes(demoProjectName)).to.equal(false);\nexpect(await response).to.be.jsonSchema(responseSchema);",
              "err": {},
              "uuid": "6444f142-a416-49bd-adef-f2293fc36acb",
              "parentUUID": "96b1b1f6-926d-439d-9da6-9360445b59f2",
              "isHook": true,
              "skipped": false
            }
          ],
          "tests": [
            {
              "title": "[GET POSITIVE] Get list of project launches",
              "fullTitle": "API Test Suite [GET POSITIVE] Get list of project launches",
              "timedOut": false,
              "duration": 25,
              "state": "passed",
              "speed": "fast",
              "pass": true,
              "fail": false,
              "pending": false,
              "context": null,
              "code": "const response = await sendRequest(`${demoProjectName}/launch`);\nexpect(response.status).to.equal(200);\nexpect(response.data.page.totalElements).to.equal(5);\nconst launchIds = response.data.content.map((launch) => launch.id);\nexpect(launchIds).to.deep.equal(arrOfDemoLaunchesID);\nexpect(await response).to.be.jsonSchema(responceSchemaForGetLaunches);",
              "err": {},
              "uuid": "796f0b66-db2f-4cf5-b66a-651fa2a5dcf5",
              "parentUUID": "96b1b1f6-926d-439d-9da6-9360445b59f2",
              "isHook": false,
              "skipped": false
            },
            {
              "title": "[GET NEGATIVE] Get list of project launches for incorect project name",
              "fullTitle": "API Test Suite [GET NEGATIVE] Get list of project launches for incorect project name",
              "timedOut": false,
              "duration": 15,
              "state": "passed",
              "speed": "fast",
              "pass": true,
              "fail": false,
              "pending": false,
              "context": null,
              "code": "const response = await sendRequest('fake_project_name/launch');\nresponseSchema.properties.data = {\n  \"type\": \"object\",\n  \"properties\": {\n    \"errorCode\": {\n      \"type\": \"number\"\n    },\n    \"message\": {\n      \"type\": \"string\"\n    }\n  },\n  \"required\": [\"errorCode\", \"message\"]\n}\nexpect(response.status).to.equal(403);\nexpect(response.data.errorCode).to.equal(4003);\nexpect(response.data.message).to.equal('You do not have enough permissions. Please check the list of your available projects.');\nexpect(await response).to.be.jsonSchema(responseSchema);",
              "err": {},
              "uuid": "69716330-b5f4-4ee9-902e-8c28802726a7",
              "parentUUID": "96b1b1f6-926d-439d-9da6-9360445b59f2",
              "isHook": false,
              "skipped": false
            },
            {
              "title": "[POST NEGATIVE_1] Merge set of incorect launches in common one",
              "fullTitle": "API Test Suite [POST NEGATIVE_1] Merge set of incorect launches in common one",
              "timedOut": false,
              "duration": 18,
              "state": "passed",
              "speed": "fast",
              "pass": true,
              "fail": false,
              "pending": false,
              "context": null,
              "code": "const body = {\n  \"launches\": [arrOfDemoLaunchesID[0], arrOfDemoLaunchesID[1]],\n  \"mergeType\": \"standart\",\n  \"name\": \"New Merge\"\n}\nresponseSchema.properties.data = {\n  \"type\": \"object\",\n  \"properties\": {\n    \"errorCode\": {\n      \"type\": \"number\"\n    },\n    \"message\": {\n      \"type\": \"string\"\n    }\n  },\n  \"required\": [\"errorCode\", \"message\"]\n}\nresponse = await sendRequest(`${demoProjectName}/launch/merge `, 'post', body);\nexpect(response.status).to.equal(406);\nexpect(response.data.errorCode).to.equal(40033);\nexpect(response.data.message).to.equal(\"Merge Strategy type null is unsupported\");\nexpect(await response).to.be.jsonSchema(responseSchema);",
              "err": {},
              "uuid": "3381bf57-9568-46b5-a745-c4e84e3c52ab",
              "parentUUID": "96b1b1f6-926d-439d-9da6-9360445b59f2",
              "isHook": false,
              "skipped": false
            },
            {
              "title": "[POST NEGATIVE_2] Merge set of incorect launches in common one",
              "fullTitle": "API Test Suite [POST NEGATIVE_2] Merge set of incorect launches in common one",
              "timedOut": false,
              "duration": 42,
              "state": "passed",
              "speed": "medium",
              "pass": true,
              "fail": false,
              "pending": false,
              "context": null,
              "code": "const body = {\n  \"launches\": [(Math.max(...arrOfDemoLaunchesID) + 1), (Math.max(...arrOfDemoLaunchesID) + 2)],\n  \"mergeType\": \"DEEP\",\n  \"name\": \"New Merge\"\n}\nresponseSchema.properties.data = {\n  \"type\": \"object\",\n  \"properties\": {\n    \"errorCode\": {\n      \"type\": \"number\"\n    },\n    \"message\": {\n      \"type\": \"string\"\n    }\n  },\n  \"required\": [\"errorCode\", \"message\"]\n}\nresponse = await sendRequest(`${demoProjectName}/launch/merge `, 'post', body);\nexpect(response.status).to.equal(400);\nexpect(response.data.errorCode).to.equal(40016);\nexpect(response.data.message).to.equal(\"Error in handled Request. Please, check specified parameters: 'Not all launches with provided ids were found'\");\nexpect(await response).to.be.jsonSchema(responseSchema);\nresponse = await sendRequest(`${demoProjectName}/launch`);\nconst launchIds = response.data.content.map((launch) => launch.id);\nexpect(launchIds).not.to.deep.contain((Math.max(...arrOfDemoLaunchesID) + 1), (Math.max(...arrOfDemoLaunchesID) + 2));\nexpect(await response).to.be.jsonSchema(responceSchemaForGetLaunches);",
              "err": {},
              "uuid": "42205487-5048-4347-b2f0-c4a63e85f5e7",
              "parentUUID": "96b1b1f6-926d-439d-9da6-9360445b59f2",
              "isHook": false,
              "skipped": false
            },
            {
              "title": "[POST POSITIVE] Deep Merge set of specified launches in common one",
              "fullTitle": "API Test Suite [POST POSITIVE] Deep Merge set of specified launches in common one",
              "timedOut": false,
              "duration": 1900,
              "state": "passed",
              "speed": "slow",
              "pass": true,
              "fail": false,
              "pending": false,
              "context": null,
              "code": "const body = {\n  \"launches\": [arrOfDemoLaunchesID[2], arrOfDemoLaunchesID[3]],\n  \"mergeType\": \"DEEP\",\n  \"name\": \"New Merge\"\n}\nresponse = await sendRequest(`${demoProjectName}/launch/merge `, 'post', body);\nexpect(response.status).to.equal(200);\nresponseSchema.properties.data = {\n  \"type\": \"object\",\n  \"properties\": {\n    \"owner\": {\n      \"type\": \"string\"\n    },\n    \"share\": {\n      \"type\": \"boolean\"\n    },\n    \"description\": {\n      \"type\": \"string\"\n    },\n    \"id\": {\n      \"type\": \"integer\"\n    },\n    \"uuid\": {\n      \"type\": \"string\"\n    },\n    \"name\": {\n      \"type\": \"string\"\n    },\n    \"number\": {\n      \"type\": \"integer\"\n    },\n    \"startTime\": {\n      \"type\": \"integer\"\n    },\n    \"endTime\": {\n      \"type\": \"integer\"\n    },\n    \"lastModified\": {\n      \"type\": \"integer\"\n    },\n    \"status\": {\n      \"type\": \"string\"\n    },\n    \"statistics\": {\n      \"type\": \"object\",\n      \"properties\": {\n        \"executions\": {\n          \"type\": \"object\"\n        },\n        \"defects\": {\n          \"type\": \"object\"\n        }\n      }\n    },\n    \"attributes\": {\n      \"type\": \"array\",\n      \"items\": {\n        \"type\": \"object\"\n      }\n    },\n    \"mode\": {\n      \"type\": \"string\"\n    },\n    \"analysing\": {\n      \"type\": \"array\"\n    },\n    \"approximateDuration\": {\n      \"type\": \"integer\"\n    },\n    \"hasRetries\": {\n      \"type\": \"boolean\"\n    },\n    \"rerun\": {\n      \"type\": \"boolean\"\n    }\n  },\n  \"required\": [\n    \"owner\",\n    \"share\",\n    \"description\",\n    \"id\",\n    \"uuid\",\n    \"name\",\n    \"number\",\n    \"startTime\",\n    \"endTime\",\n    \"lastModified\",\n    \"status\",\n    \"statistics\",\n    \"attributes\",\n    \"mode\",\n    \"analysing\",\n    \"approximateDuration\",\n    \"hasRetries\",\n    \"rerun\"\n  ]\n}\nexpect(await response).to.be.jsonSchema(responseSchema);\nresponse = await sendRequest(`${demoProjectName}/launch`);\nconst launchIds = response.data.content.map((launch) => launch.id);\nexpect(launchIds).not.to.deep.contain(arrOfDemoLaunchesID[2], arrOfDemoLaunchesID[3]);\nconst launchNames = response.data.content.map((launch) => launch.name);\nexpect(launchNames).to.deep.contain(\"New Merge\");\nexpect(await response).to.be.jsonSchema(responceSchemaForGetLaunches);",
              "err": {},
              "uuid": "aaa37712-8513-497a-896f-da9690638721",
              "parentUUID": "96b1b1f6-926d-439d-9da6-9360445b59f2",
              "isHook": false,
              "skipped": false
            },
            {
              "title": "[PUT POSITIVE] Bulk added attributes",
              "fullTitle": "API Test Suite [PUT POSITIVE] Bulk added attributes",
              "timedOut": false,
              "duration": 34,
              "state": "passed",
              "speed": "fast",
              "pass": true,
              "fail": false,
              "pending": false,
              "context": null,
              "code": "const body = {\n  \"attributes\": [...commonAttributes],\n  \"ids\": [arrOfDemoLaunchesID[4]]\n};\nresponse = await sendRequest(`${demoProjectName}/launch/info `, 'put', body);\nresponseSchema.properties.data = {\n  \"type\": \"object\",\n  \"properties\": {\n    \"message\": {\n      \"type\": \"string\"\n    }\n  },\n  \"required\": [\"message\"]\n}\nexpect(response.status).to.equal(200);\nexpect(await response).to.be.jsonSchema(responseSchema);\nresponse = await sendRequest(`${demoProjectName}/launch`);\nawait expect(response.data.content.find(elem => elem.id === arrOfDemoLaunchesID[4]).attributes.some(elem => elem.key === `demo` && elem.value === `MacOS`)).to.be.true;\nexpect(await response).to.be.jsonSchema(responceSchemaForGetLaunches);",
              "err": {},
              "uuid": "72f958e3-8b7b-4e1a-8229-9c009be1f1fc",
              "parentUUID": "96b1b1f6-926d-439d-9da6-9360445b59f2",
              "isHook": false,
              "skipped": false
            },
            {
              "title": "[PUT NEGATIVE_1] Bulk added attributes",
              "fullTitle": "API Test Suite [PUT NEGATIVE_1] Bulk added attributes",
              "timedOut": false,
              "duration": 11,
              "state": "passed",
              "speed": "fast",
              "pass": true,
              "fail": false,
              "pending": false,
              "context": null,
              "code": "const body = {\n  \"attributes\": [...commonAttributes]\n};\nresponseSchema.properties.data = {\n  \"type\": \"object\",\n  \"properties\": {\n    \"errorCode\": {\n      \"type\": \"number\"\n    },\n    \"message\": {\n      \"type\": \"string\"\n    }\n  },\n  \"required\": [\"errorCode\", \"message\"]\n}\nresponse = await sendRequest(`${demoProjectName}/launch/info `, 'put', body);\nexpect(await response).to.be.jsonSchema(responseSchema);\nexpect(response.status).to.equal(400);\nexpect(response.data.errorCode).to.equal(4001);\nexpect(response.data.message).to.equal(\"Incorrect Request. [Field 'ids' should not be null.] \");",
              "err": {},
              "uuid": "f66d80f7-39da-4305-a485-ac7d3514d42c",
              "parentUUID": "96b1b1f6-926d-439d-9da6-9360445b59f2",
              "isHook": false,
              "skipped": false
            },
            {
              "title": "[PUT NEGATIVE_2] Bulk added attributes",
              "fullTitle": "API Test Suite [PUT NEGATIVE_2] Bulk added attributes",
              "timedOut": false,
              "duration": 20,
              "state": "passed",
              "speed": "fast",
              "pass": true,
              "fail": false,
              "pending": false,
              "context": null,
              "code": "const body = {\n  \"attributes\": [\n    {\n      \"to\": {\n        \"key\": \"demo\",\n        \"value\": \"demo\"\n      }\n    }],\n  \"ids\": [arrOfDemoLaunchesID[0]]\n}\nresponseSchema.properties.data = {\n  \"type\": \"object\",\n  \"properties\": {\n    \"errorCode\": {\n      \"type\": \"number\"\n    },\n    \"message\": {\n      \"type\": \"string\"\n    }\n  },\n  \"required\": [\"errorCode\", \"message\"]\n}\nresponse = await sendRequest(`${demoProjectName}/launch/info `, 'put', body);\nexpect(await response).to.be.jsonSchema(responseSchema);\nexpect(response.status).to.equal(500);\nexpect(response.data.errorCode).to.equal(5000);\nexpect(response.data.message).to.equal(\"Unclassified error [null]\");",
              "err": {},
              "uuid": "16f1a465-473c-41d5-a399-88c7c5157d52",
              "parentUUID": "96b1b1f6-926d-439d-9da6-9360445b59f2",
              "isHook": false,
              "skipped": false
            },
            {
              "title": "[DELETE NEGATIVE] Delete specified launches by id",
              "fullTitle": "API Test Suite [DELETE NEGATIVE] Delete specified launches by id",
              "timedOut": false,
              "duration": 17,
              "state": "passed",
              "speed": "fast",
              "pass": true,
              "fail": false,
              "pending": false,
              "context": null,
              "code": "const body = {\n  \"ids\": [(Math.max(...arrOfDemoLaunchesID) + 10)]\n}\nresponse = await sendRequest(`${demoProjectName}/launch `, 'delete', body);\nresponseSchema.properties.data = {\n  \"type\": \"object\",\n  \"properties\": {\n    \"successfullyDeleted\": {\n      \"type\": \"array\",\n      \"items\": {}\n    },\n    \"notFound\": {\n      \"type\": \"array\",\n      \"items\": {\n        \"type\": \"integer\"\n      }\n    },\n    \"errors\": {\n      \"type\": \"array\",\n      \"items\": {}\n    }\n  },\n  \"required\": [\n    \"successfullyDeleted\",\n    \"notFound\",\n    \"errors\"\n  ]\n}\nexpect(response.status).to.equal(200);\nexpect(response.data.successfullyDeleted.length).to.equal(0);\nexpect(response.data.errors.length).to.equal(0);\nexpect(response.data.notFound).to.deep.equal(body.ids);\nexpect(await response).to.be.jsonSchema(responseSchema);",
              "err": {},
              "uuid": "a28047ec-0c07-4366-bef4-f05c2eb28b6d",
              "parentUUID": "96b1b1f6-926d-439d-9da6-9360445b59f2",
              "isHook": false,
              "skipped": false
            },
            {
              "title": "[DELETE POSITIVE] Delete specified launches by id",
              "fullTitle": "API Test Suite [DELETE POSITIVE] Delete specified launches by id",
              "timedOut": false,
              "duration": 71,
              "state": "passed",
              "speed": "medium",
              "pass": true,
              "fail": false,
              "pending": false,
              "context": null,
              "code": "const body = {\n  \"ids\": [arrOfDemoLaunchesID[1]]\n}\nresponseSchema.properties.data = {\n  \"type\": \"object\",\n  \"properties\": {\n    \"successfullyDeleted\": {\n      \"type\": \"array\",\n      \"items\": {}\n    },\n    \"notFound\": {\n      \"type\": \"array\",\n      \"items\": {\n        \"type\": \"integer\"\n      }\n    },\n    \"errors\": {\n      \"type\": \"array\",\n      \"items\": {}\n    }\n  },\n  \"required\": [\n    \"successfullyDeleted\",\n    \"notFound\",\n    \"errors\"\n  ]\n}\nresponse = await sendRequest(`${demoProjectName}/launch `, 'delete', body);\nexpect(response.status).to.equal(200);\nexpect(response.data.successfullyDeleted).to.deep.equal(body.ids);\nexpect(response.data.errors.length).to.equal(0);\nexpect(response.data.notFound.length).to.equal(0);\nexpect(await response).to.be.jsonSchema(responseSchema);\nresponse = await sendRequest(`${demoProjectName}/launch`);\nconst launchIds = response.data.content.map((launch) => launch.id);\nexpect(body.ids.every(value => !launchIds.includes(value))).is.true\nexpect(await response).to.be.jsonSchema(responceSchemaForGetLaunches);",
              "err": {},
              "uuid": "919bcf8f-dd72-440f-85f1-fec89e5ca879",
              "parentUUID": "96b1b1f6-926d-439d-9da6-9360445b59f2",
              "isHook": false,
              "skipped": false
            }
          ],
          "suites": [],
          "passes": [
            "796f0b66-db2f-4cf5-b66a-651fa2a5dcf5",
            "69716330-b5f4-4ee9-902e-8c28802726a7",
            "3381bf57-9568-46b5-a745-c4e84e3c52ab",
            "42205487-5048-4347-b2f0-c4a63e85f5e7",
            "aaa37712-8513-497a-896f-da9690638721",
            "72f958e3-8b7b-4e1a-8229-9c009be1f1fc",
            "f66d80f7-39da-4305-a485-ac7d3514d42c",
            "16f1a465-473c-41d5-a399-88c7c5157d52",
            "a28047ec-0c07-4366-bef4-f05c2eb28b6d",
            "919bcf8f-dd72-440f-85f1-fec89e5ca879"
          ],
          "failures": [],
          "pending": [],
          "skipped": [],
          "duration": 2153,
          "root": false,
          "rootEmpty": false,
          "_timeout": 99000
        }
      ],
      "passes": [],
      "failures": [],
      "pending": [],
      "skipped": [],
      "duration": 0,
      "root": true,
      "rootEmpty": true,
      "_timeout": 99000
    }
  ],
  "meta": {
    "mocha": {
      "version": "10.2.0"
    },
    "mochawesome": {
      "options": {
        "quiet": false,
        "reportFilename": "mochawesome",
        "saveHtml": true,
        "saveJson": true,
        "consoleReporter": "spec",
        "useInlineDiffs": false,
        "code": true
      },
      "version": "7.1.3"
    },
    "marge": {
      "options": null,
      "version": "6.2.0"
    }
  }
}